;  LST file generated by mikroListExporter - v.2.0 
; Date/Time: 14/09/2020 21:41:51
;----------------------------------------------

;Address Opcode 	ASM
0x0000	0xF000EFFA  	GOTO        500
0x0004	0x0000      	NOP
0x0006	0x0000      	NOP
0x0008	0xF000EF00  	GOTO        0
0x000C	0x0000      	NOP
0x000E	0x0000      	NOP
0x0010	0x0000      	NOP
0x0012	0x0000      	NOP
0x0014	0x0000      	NOP
0x0016	0x0000      	NOP
0x0018	0xD7F3      	BRA         0
_Delay_1us:
;__Lib_Delays.c,7 :: 		void Delay_1us() {
;__Lib_Delays.c,8 :: 		Delay_us(1);
0x001C	0x0000      	NOP
0x001E	0x0000      	NOP
;__Lib_Delays.c,9 :: 		}
L_end_Delay_1us:
0x0020	0x0012      	RETURN      0
; end of _Delay_1us
_Delay_5500us:
;__Lib_Delays.c,31 :: 		void Delay_5500us() {
;__Lib_Delays.c,32 :: 		Delay_us(5500);
0x0022	0x0E0F      	MOVLW       15
0x0024	0x6E0C      	MOVWF       R12, 0
0x0026	0x0E47      	MOVLW       71
0x0028	0x6E0D      	MOVWF       R13, 0
L_Delay_5500us5:
0x002A	0x2E0D      	DECFSZ      R13, 1, 0
0x002C	0xD7FE      	BRA         L_Delay_5500us5
0x002E	0x2E0C      	DECFSZ      R12, 1, 0
0x0030	0xD7FC      	BRA         L_Delay_5500us5
0x0032	0x0000      	NOP
0x0034	0x0000      	NOP
;__Lib_Delays.c,33 :: 		}
L_end_Delay_5500us:
0x0036	0x0012      	RETURN      0
; end of _Delay_5500us
_Delay_50us:
;__Lib_Delays.c,19 :: 		void Delay_50us() {
;__Lib_Delays.c,20 :: 		Delay_us(50);
0x0038	0x0E21      	MOVLW       33
0x003A	0x6E0D      	MOVWF       R13, 0
L_Delay_50us2:
0x003C	0x2E0D      	DECFSZ      R13, 1, 0
0x003E	0xD7FE      	BRA         L_Delay_50us2
;__Lib_Delays.c,21 :: 		}
L_end_Delay_50us:
0x0040	0x0012      	RETURN      0
; end of _Delay_50us
_Lcd_Cmd:
;__Lib_Lcd.c,18 :: 		
;__Lib_Lcd.c,20 :: 		
0x0042	0x0100      	MOVLB       0
0x0044	0xBF94      	BTFSC       FARG_Lcd_Cmd_out_char, 7, 1
0x0046	0xD002      	BRA         L__Lcd_Cmd21
0x0048	0x9E83      	BCF         LCD_D7, BitPos(LCD_D7+0) 
0x004A	0xD001      	BRA         L__Lcd_Cmd22
L__Lcd_Cmd21:
0x004C	0x8E83      	BSF         LCD_D7, BitPos(LCD_D7+0) 
L__Lcd_Cmd22:
;__Lib_Lcd.c,21 :: 		
0x004E	0xBD94      	BTFSC       FARG_Lcd_Cmd_out_char, 6, 1
0x0050	0xD002      	BRA         L__Lcd_Cmd23
0x0052	0x9C83      	BCF         LCD_D6, BitPos(LCD_D6+0) 
0x0054	0xD001      	BRA         L__Lcd_Cmd24
L__Lcd_Cmd23:
0x0056	0x8C83      	BSF         LCD_D6, BitPos(LCD_D6+0) 
L__Lcd_Cmd24:
;__Lib_Lcd.c,22 :: 		
0x0058	0xBB94      	BTFSC       FARG_Lcd_Cmd_out_char, 5, 1
0x005A	0xD002      	BRA         L__Lcd_Cmd25
0x005C	0x9A83      	BCF         LCD_D5, BitPos(LCD_D5+0) 
0x005E	0xD001      	BRA         L__Lcd_Cmd26
L__Lcd_Cmd25:
0x0060	0x8A83      	BSF         LCD_D5, BitPos(LCD_D5+0) 
L__Lcd_Cmd26:
;__Lib_Lcd.c,23 :: 		
0x0062	0xB994      	BTFSC       FARG_Lcd_Cmd_out_char, 4, 1
0x0064	0xD002      	BRA         L__Lcd_Cmd27
0x0066	0x9883      	BCF         LCD_D4, BitPos(LCD_D4+0) 
0x0068	0xD001      	BRA         L__Lcd_Cmd28
L__Lcd_Cmd27:
0x006A	0x8883      	BSF         LCD_D4, BitPos(LCD_D4+0) 
L__Lcd_Cmd28:
;__Lib_Lcd.c,25 :: 		
0x006C	0xB187      	BTFSC       __Lib_Lcd_cmd_status, BitPos(__Lib_Lcd_cmd_status+0), 1
0x006E	0xD002      	BRA         L__Lcd_Cmd29
0x0070	0x8084      	BSF         LCD_RS, BitPos(LCD_RS+0) 
0x0072	0xD001      	BRA         L__Lcd_Cmd30
L__Lcd_Cmd29:
0x0074	0x9084      	BCF         LCD_RS, BitPos(LCD_RS+0) 
L__Lcd_Cmd30:
;__Lib_Lcd.c,28 :: 		
0x0076	0x8284      	BSF         LCD_EN, BitPos(LCD_EN+0) 
;__Lib_Lcd.c,29 :: 		
0x0078	0xDFD1      	RCALL       _Delay_1us
;__Lib_Lcd.c,30 :: 		
0x007A	0x9284      	BCF         LCD_EN, BitPos(LCD_EN+0) 
;__Lib_Lcd.c,33 :: 		
0x007C	0xB794      	BTFSC       FARG_Lcd_Cmd_out_char, 3, 1
0x007E	0xD002      	BRA         L__Lcd_Cmd31
0x0080	0x9E83      	BCF         LCD_D7, BitPos(LCD_D7+0) 
0x0082	0xD001      	BRA         L__Lcd_Cmd32
L__Lcd_Cmd31:
0x0084	0x8E83      	BSF         LCD_D7, BitPos(LCD_D7+0) 
L__Lcd_Cmd32:
;__Lib_Lcd.c,34 :: 		
0x0086	0xB594      	BTFSC       FARG_Lcd_Cmd_out_char, 2, 1
0x0088	0xD002      	BRA         L__Lcd_Cmd33
0x008A	0x9C83      	BCF         LCD_D6, BitPos(LCD_D6+0) 
0x008C	0xD001      	BRA         L__Lcd_Cmd34
L__Lcd_Cmd33:
0x008E	0x8C83      	BSF         LCD_D6, BitPos(LCD_D6+0) 
L__Lcd_Cmd34:
;__Lib_Lcd.c,35 :: 		
0x0090	0xB394      	BTFSC       FARG_Lcd_Cmd_out_char, 1, 1
0x0092	0xD002      	BRA         L__Lcd_Cmd35
0x0094	0x9A83      	BCF         LCD_D5, BitPos(LCD_D5+0) 
0x0096	0xD001      	BRA         L__Lcd_Cmd36
L__Lcd_Cmd35:
0x0098	0x8A83      	BSF         LCD_D5, BitPos(LCD_D5+0) 
L__Lcd_Cmd36:
;__Lib_Lcd.c,36 :: 		
0x009A	0xB194      	BTFSC       FARG_Lcd_Cmd_out_char, 0, 1
0x009C	0xD002      	BRA         L__Lcd_Cmd37
0x009E	0x9883      	BCF         LCD_D4, BitPos(LCD_D4+0) 
0x00A0	0xD001      	BRA         L__Lcd_Cmd38
L__Lcd_Cmd37:
0x00A2	0x8883      	BSF         LCD_D4, BitPos(LCD_D4+0) 
L__Lcd_Cmd38:
;__Lib_Lcd.c,38 :: 		
0x00A4	0xB187      	BTFSC       __Lib_Lcd_cmd_status, BitPos(__Lib_Lcd_cmd_status+0), 1
0x00A6	0xD002      	BRA         L__Lcd_Cmd39
0x00A8	0x8084      	BSF         LCD_RS, BitPos(LCD_RS+0) 
0x00AA	0xD001      	BRA         L__Lcd_Cmd40
L__Lcd_Cmd39:
0x00AC	0x9084      	BCF         LCD_RS, BitPos(LCD_RS+0) 
L__Lcd_Cmd40:
;__Lib_Lcd.c,40 :: 		
0x00AE	0x8284      	BSF         LCD_EN, BitPos(LCD_EN+0) 
;__Lib_Lcd.c,41 :: 		
0x00B0	0xDFB5      	RCALL       _Delay_1us
;__Lib_Lcd.c,42 :: 		
0x00B2	0x9284      	BCF         LCD_EN, BitPos(LCD_EN+0) 
;__Lib_Lcd.c,44 :: 		
0x00B4	0xA187      	BTFSS       __Lib_Lcd_cmd_status, BitPos(__Lib_Lcd_cmd_status+0), 1
0x00B6	0xD002      	BRA         L_Lcd_Cmd0
;__Lib_Lcd.c,45 :: 		
0x00B8	0xDFB4      	RCALL       _Delay_5500us
0x00BA	0xD001      	BRA         L_Lcd_Cmd1
L_Lcd_Cmd0:
;__Lib_Lcd.c,47 :: 		
0x00BC	0xDFBD      	RCALL       _Delay_50us
L_Lcd_Cmd1:
;__Lib_Lcd.c,48 :: 		
L_end_Lcd_Cmd:
0x00BE	0x0012      	RETURN      0
; end of _Lcd_Cmd
_Lcd_Chr_CP:
;__Lib_Lcd.c,50 :: 		
;__Lib_Lcd.c,52 :: 		
0x00C0	0x0100      	MOVLB       0
0x00C2	0x9187      	BCF         __Lib_Lcd_cmd_status, BitPos(__Lib_Lcd_cmd_status+0), 1
;__Lib_Lcd.c,53 :: 		
0x00C4	0xF094C093  	MOVFF       FARG_Lcd_Chr_CP_out_char, FARG_Lcd_Cmd_out_char
0x00C8	0xDFBC      	RCALL       _Lcd_Cmd
;__Lib_Lcd.c,54 :: 		
0x00CA	0x8187      	BSF         __Lib_Lcd_cmd_status, BitPos(__Lib_Lcd_cmd_status+0), 1
;__Lib_Lcd.c,55 :: 		
L_end_Lcd_Chr_CP:
0x00CC	0x0012      	RETURN      0
; end of _Lcd_Chr_CP
___CC2DW:
;__Lib_System.c,21 :: 		
;__Lib_System.c,23 :: 		
_CC2DL_Loop1:
;__Lib_System.c,24 :: 		
0x00CE	0x0009      	TBLRD*+
;__Lib_System.c,25 :: 		
0x00D0	0xFFE6CFF5  	MOVFF       TABLAT, POSTINC1
;__Lib_System.c,26 :: 		
0x00D4	0x0600      	DECF        R0, 1, 0
;__Lib_System.c,27 :: 		
0x00D6	0xE1FB      	BNZ         _CC2DL_Loop1
;__Lib_System.c,28 :: 		
0x00D8	0x0601      	DECF        R1, 1, 0
;__Lib_System.c,29 :: 		
0x00DA	0xE1F9      	BNZ         _CC2DL_Loop1
;__Lib_System.c,31 :: 		
L_end___CC2DW:
0x00DC	0x0012      	RETURN      0
; end of ___CC2DW
_Lcd_Init:
;__Lib_Lcd.c,84 :: 		
;__Lib_Lcd.c,86 :: 		
0x00DE	0x9296      	BCF         LCD_EN_Direction, BitPos(LCD_EN_Direction+0) 
;__Lib_Lcd.c,87 :: 		
0x00E0	0x9096      	BCF         LCD_RS_Direction, BitPos(LCD_RS_Direction+0) 
;__Lib_Lcd.c,88 :: 		
0x00E2	0x9895      	BCF         LCD_D4_Direction, BitPos(LCD_D4_Direction+0) 
;__Lib_Lcd.c,89 :: 		
0x00E4	0x9A95      	BCF         LCD_D5_Direction, BitPos(LCD_D5_Direction+0) 
;__Lib_Lcd.c,90 :: 		
0x00E6	0x9C95      	BCF         LCD_D6_Direction, BitPos(LCD_D6_Direction+0) 
;__Lib_Lcd.c,91 :: 		
0x00E8	0x9E95      	BCF         LCD_D7_Direction, BitPos(LCD_D7_Direction+0) 
;__Lib_Lcd.c,93 :: 		
0x00EA	0x9284      	BCF         LCD_EN, BitPos(LCD_EN+0) 
;__Lib_Lcd.c,94 :: 		
0x00EC	0x9084      	BCF         LCD_RS, BitPos(LCD_RS+0) 
;__Lib_Lcd.c,95 :: 		
0x00EE	0x9E83      	BCF         LCD_D7, BitPos(LCD_D7+0) 
;__Lib_Lcd.c,96 :: 		
0x00F0	0x9C83      	BCF         LCD_D6, BitPos(LCD_D6+0) 
;__Lib_Lcd.c,97 :: 		
0x00F2	0x9A83      	BCF         LCD_D5, BitPos(LCD_D5+0) 
;__Lib_Lcd.c,98 :: 		
0x00F4	0x9883      	BCF         LCD_D4, BitPos(LCD_D4+0) 
;__Lib_Lcd.c,100 :: 		
0x00F6	0xDF95      	RCALL       _Delay_5500us
;__Lib_Lcd.c,101 :: 		
0x00F8	0xDF94      	RCALL       _Delay_5500us
;__Lib_Lcd.c,102 :: 		
0x00FA	0xDF93      	RCALL       _Delay_5500us
;__Lib_Lcd.c,105 :: 		
0x00FC	0x8A83      	BSF         LCD_D5, BitPos(LCD_D5+0) 
;__Lib_Lcd.c,106 :: 		
0x00FE	0x8883      	BSF         LCD_D4, BitPos(LCD_D4+0) 
;__Lib_Lcd.c,107 :: 		
0x0100	0x8284      	BSF         LCD_EN, BitPos(LCD_EN+0) 
;__Lib_Lcd.c,108 :: 		
0x0102	0xDF8C      	RCALL       _Delay_1us
;__Lib_Lcd.c,109 :: 		
0x0104	0x9284      	BCF         LCD_EN, BitPos(LCD_EN+0) 
;__Lib_Lcd.c,110 :: 		
0x0106	0xDF8D      	RCALL       _Delay_5500us
;__Lib_Lcd.c,112 :: 		
0x0108	0x8284      	BSF         LCD_EN, BitPos(LCD_EN+0) 
;__Lib_Lcd.c,113 :: 		
0x010A	0xDF88      	RCALL       _Delay_1us
;__Lib_Lcd.c,114 :: 		
0x010C	0x9284      	BCF         LCD_EN, BitPos(LCD_EN+0) 
;__Lib_Lcd.c,115 :: 		
0x010E	0xDF89      	RCALL       _Delay_5500us
;__Lib_Lcd.c,117 :: 		
0x0110	0x8284      	BSF         LCD_EN, BitPos(LCD_EN+0) 
;__Lib_Lcd.c,118 :: 		
0x0112	0xDF84      	RCALL       _Delay_1us
;__Lib_Lcd.c,119 :: 		
0x0114	0x9284      	BCF         LCD_EN, BitPos(LCD_EN+0) 
;__Lib_Lcd.c,120 :: 		
0x0116	0xDF85      	RCALL       _Delay_5500us
;__Lib_Lcd.c,123 :: 		
0x0118	0x9883      	BCF         LCD_D4, BitPos(LCD_D4+0) 
;__Lib_Lcd.c,124 :: 		
0x011A	0x8284      	BSF         LCD_EN, BitPos(LCD_EN+0) 
;__Lib_Lcd.c,125 :: 		
0x011C	0xDF7F      	RCALL       _Delay_1us
;__Lib_Lcd.c,126 :: 		
0x011E	0x9284      	BCF         LCD_EN, BitPos(LCD_EN+0) 
;__Lib_Lcd.c,127 :: 		
0x0120	0xDF80      	RCALL       _Delay_5500us
;__Lib_Lcd.c,130 :: 		
0x0122	0x8284      	BSF         LCD_EN, BitPos(LCD_EN+0) 
;__Lib_Lcd.c,131 :: 		
0x0124	0xDF7B      	RCALL       _Delay_1us
;__Lib_Lcd.c,132 :: 		
0x0126	0x9284      	BCF         LCD_EN, BitPos(LCD_EN+0) 
;__Lib_Lcd.c,134 :: 		
0x0128	0x9A83      	BCF         LCD_D5, BitPos(LCD_D5+0) 
;__Lib_Lcd.c,135 :: 		
0x012A	0x8E83      	BSF         LCD_D7, BitPos(LCD_D7+0) 
;__Lib_Lcd.c,136 :: 		
0x012C	0x8284      	BSF         LCD_EN, BitPos(LCD_EN+0) 
;__Lib_Lcd.c,137 :: 		
0x012E	0xDF76      	RCALL       _Delay_1us
;__Lib_Lcd.c,138 :: 		
0x0130	0x9284      	BCF         LCD_EN, BitPos(LCD_EN+0) 
;__Lib_Lcd.c,139 :: 		
0x0132	0xDF77      	RCALL       _Delay_5500us
;__Lib_Lcd.c,142 :: 		
0x0134	0x9E83      	BCF         LCD_D7, BitPos(LCD_D7+0) 
;__Lib_Lcd.c,143 :: 		
0x0136	0x8883      	BSF         LCD_D4, BitPos(LCD_D4+0) 
;__Lib_Lcd.c,144 :: 		
0x0138	0x8284      	BSF         LCD_EN, BitPos(LCD_EN+0) 
;__Lib_Lcd.c,145 :: 		
0x013A	0xDF70      	RCALL       _Delay_1us
;__Lib_Lcd.c,146 :: 		
0x013C	0x9284      	BCF         LCD_EN, BitPos(LCD_EN+0) 
;__Lib_Lcd.c,148 :: 		
0x013E	0x9883      	BCF         LCD_D4, BitPos(LCD_D4+0) 
;__Lib_Lcd.c,149 :: 		
0x0140	0x8284      	BSF         LCD_EN, BitPos(LCD_EN+0) 
;__Lib_Lcd.c,150 :: 		
0x0142	0xDF6C      	RCALL       _Delay_1us
;__Lib_Lcd.c,151 :: 		
0x0144	0x9284      	BCF         LCD_EN, BitPos(LCD_EN+0) 
;__Lib_Lcd.c,152 :: 		
0x0146	0xDF6D      	RCALL       _Delay_5500us
;__Lib_Lcd.c,155 :: 		
0x0148	0x8284      	BSF         LCD_EN, BitPos(LCD_EN+0) 
;__Lib_Lcd.c,156 :: 		
0x014A	0xDF68      	RCALL       _Delay_1us
;__Lib_Lcd.c,157 :: 		
0x014C	0x9284      	BCF         LCD_EN, BitPos(LCD_EN+0) 
;__Lib_Lcd.c,159 :: 		
0x014E	0x8883      	BSF         LCD_D4, BitPos(LCD_D4+0) 
;__Lib_Lcd.c,160 :: 		
0x0150	0x8284      	BSF         LCD_EN, BitPos(LCD_EN+0) 
;__Lib_Lcd.c,161 :: 		
0x0152	0xDF64      	RCALL       _Delay_1us
;__Lib_Lcd.c,162 :: 		
0x0154	0x9284      	BCF         LCD_EN, BitPos(LCD_EN+0) 
;__Lib_Lcd.c,163 :: 		
0x0156	0xDF65      	RCALL       _Delay_5500us
;__Lib_Lcd.c,166 :: 		
0x0158	0x9883      	BCF         LCD_D4, BitPos(LCD_D4+0) 
;__Lib_Lcd.c,167 :: 		
0x015A	0x8284      	BSF         LCD_EN, BitPos(LCD_EN+0) 
;__Lib_Lcd.c,168 :: 		
0x015C	0xDF5F      	RCALL       _Delay_1us
;__Lib_Lcd.c,169 :: 		
0x015E	0x9284      	BCF         LCD_EN, BitPos(LCD_EN+0) 
;__Lib_Lcd.c,171 :: 		
0x0160	0x8E83      	BSF         LCD_D7, BitPos(LCD_D7+0) 
;__Lib_Lcd.c,172 :: 		
0x0162	0x8C83      	BSF         LCD_D6, BitPos(LCD_D6+0) 
;__Lib_Lcd.c,173 :: 		
0x0164	0x8A83      	BSF         LCD_D5, BitPos(LCD_D5+0) 
;__Lib_Lcd.c,174 :: 		
0x0166	0x8883      	BSF         LCD_D4, BitPos(LCD_D4+0) 
;__Lib_Lcd.c,175 :: 		
0x0168	0x8284      	BSF         LCD_EN, BitPos(LCD_EN+0) 
;__Lib_Lcd.c,176 :: 		
0x016A	0xDF58      	RCALL       _Delay_1us
;__Lib_Lcd.c,177 :: 		
0x016C	0x9284      	BCF         LCD_EN, BitPos(LCD_EN+0) 
;__Lib_Lcd.c,179 :: 		
0x016E	0xDF59      	RCALL       _Delay_5500us
;__Lib_Lcd.c,181 :: 		
0x0170	0x0100      	MOVLB       0
0x0172	0x8187      	BSF         __Lib_Lcd_cmd_status, BitPos(__Lib_Lcd_cmd_status+0), 1
;__Lib_Lcd.c,182 :: 		
L_end_Lcd_Init:
0x0174	0x0012      	RETURN      0
; end of _Lcd_Init
_Lcd_Out:
;__Lib_Lcd.c,184 :: 		
;__Lib_Lcd.c,187 :: 		
0x0176	0xD010      	BRA         L_Lcd_Out11
;__Lib_Lcd.c,188 :: 		
L_Lcd_Out13:
0x0178	0x0E80      	MOVLW       128
0x017A	0x0100      	MOVLB       0
0x017C	0x6F8E      	MOVWF       FARG_Lcd_Out_row, 1
0x017E	0xD01A      	BRA         L_Lcd_Out12
;__Lib_Lcd.c,189 :: 		
L_Lcd_Out14:
0x0180	0x0EC0      	MOVLW       192
0x0182	0x6F8E      	MOVWF       FARG_Lcd_Out_row, 1
0x0184	0xD017      	BRA         L_Lcd_Out12
;__Lib_Lcd.c,190 :: 		
L_Lcd_Out15:
0x0186	0x0E94      	MOVLW       148
0x0188	0x6F8E      	MOVWF       FARG_Lcd_Out_row, 1
0x018A	0xD014      	BRA         L_Lcd_Out12
;__Lib_Lcd.c,191 :: 		
L_Lcd_Out16:
0x018C	0x0ED4      	MOVLW       212
0x018E	0x6F8E      	MOVWF       FARG_Lcd_Out_row, 1
0x0190	0xD011      	BRA         L_Lcd_Out12
;__Lib_Lcd.c,192 :: 		
L_Lcd_Out17:
0x0192	0x0E80      	MOVLW       128
0x0194	0x6F8E      	MOVWF       FARG_Lcd_Out_row, 1
;__Lib_Lcd.c,193 :: 		
0x0196	0xD00E      	BRA         L_Lcd_Out12
L_Lcd_Out11:
0x0198	0x0100      	MOVLB       0
0x019A	0x518E      	MOVF        FARG_Lcd_Out_row, 0, 1
0x019C	0x0A01      	XORLW       1
0x019E	0xE0EC      	BZ          L_Lcd_Out13
0x01A0	0x518E      	MOVF        FARG_Lcd_Out_row, 0, 1
0x01A2	0x0A02      	XORLW       2
0x01A4	0xE0ED      	BZ          L_Lcd_Out14
0x01A6	0x518E      	MOVF        FARG_Lcd_Out_row, 0, 1
0x01A8	0x0A03      	XORLW       3
0x01AA	0xE0ED      	BZ          L_Lcd_Out15
0x01AC	0x518E      	MOVF        FARG_Lcd_Out_row, 0, 1
0x01AE	0x0A04      	XORLW       4
0x01B0	0xE0ED      	BZ          L_Lcd_Out16
0x01B2	0xD7EF      	BRA         L_Lcd_Out17
L_Lcd_Out12:
;__Lib_Lcd.c,194 :: 		
0x01B4	0x058F      	DECF        FARG_Lcd_Out_column, 0, 1
0x01B6	0x6E00      	MOVWF       R0 
0x01B8	0x518E      	MOVF        FARG_Lcd_Out_row, 0, 1
0x01BA	0x2600      	ADDWF       R0, 1 
0x01BC	0xF08EC000  	MOVFF       R0, FARG_Lcd_Out_row
;__Lib_Lcd.c,196 :: 		
0x01C0	0xF094C000  	MOVFF       R0, FARG_Lcd_Cmd_out_char
0x01C4	0xDF3E      	RCALL       _Lcd_Cmd
;__Lib_Lcd.c,197 :: 		
0x01C6	0x9187      	BCF         __Lib_Lcd_cmd_status, BitPos(__Lib_Lcd_cmd_status+0), 1
;__Lib_Lcd.c,198 :: 		
0x01C8	0x6B92      	CLRF        Lcd_Out_i_L0, 1
;__Lib_Lcd.c,199 :: 		
L_Lcd_Out18:
0x01CA	0x5192      	MOVF        Lcd_Out_i_L0, 0, 1
0x01CC	0x2590      	ADDWF       FARG_Lcd_Out_text, 0, 1
0x01CE	0x6EE9      	MOVWF       FSR0L 
0x01D0	0x0E00      	MOVLW       0
0x01D2	0x2191      	ADDWFC      FARG_Lcd_Out_text+1, 0, 1
0x01D4	0x6EEA      	MOVWF       FSR0L+1 
0x01D6	0x52EE      	MOVF        POSTINC0, 1 
0x01D8	0xE00B      	BZ          L_Lcd_Out19
;__Lib_Lcd.c,200 :: 		
0x01DA	0x5192      	MOVF        Lcd_Out_i_L0, 0, 1
0x01DC	0x2590      	ADDWF       FARG_Lcd_Out_text, 0, 1
0x01DE	0x6EE9      	MOVWF       FSR0L 
0x01E0	0x0E00      	MOVLW       0
0x01E2	0x2191      	ADDWFC      FARG_Lcd_Out_text+1, 0, 1
0x01E4	0x6EEA      	MOVWF       FSR0L+1 
0x01E6	0xF093CFEE  	MOVFF       POSTINC0, FARG_Lcd_Chr_CP_out_char
0x01EA	0xDF6A      	RCALL       _Lcd_Chr_CP
0x01EC	0x2B92      	INCF        Lcd_Out_i_L0, 1, 1
0x01EE	0xD7ED      	BRA         L_Lcd_Out18
L_Lcd_Out19:
;__Lib_Lcd.c,201 :: 		
0x01F0	0x8187      	BSF         __Lib_Lcd_cmd_status, BitPos(__Lib_Lcd_cmd_status+0), 1
;__Lib_Lcd.c,202 :: 		
L_end_Lcd_Out:
0x01F2	0x0012      	RETURN      0
; end of _Lcd_Out
_main:
0x01F4	0xF001ECFC  	CALL        1016, 0
;PiscaLedComBotao.c,33 :: 		void main() {
;PiscaLedComBotao.c,34 :: 		CMCON = 7; //desabilita comparadores   registrador cmcon
0x01F8	0x0E07      	MOVLW       7
0x01FA	0x6EB4      	MOVWF       CMCON 
;PiscaLedComBotao.c,35 :: 		TRISC = 0x01; //PORTC.RC0 entrada
0x01FC	0x0E01      	MOVLW       1
0x01FE	0x6E94      	MOVWF       TRISC 
;PiscaLedComBotao.c,36 :: 		TRISE = 0x00;
0x0200	0x6A96      	CLRF        TRISE 
;PiscaLedComBotao.c,37 :: 		TRISB = 0x01; //PORTB.RB0 entrada
0x0202	0x0E01      	MOVLW       1
0x0204	0x6E93      	MOVWF       TRISB 
;PiscaLedComBotao.c,38 :: 		TRISA = 0b00010000; //PORTB.RB0 entrada
0x0206	0x0E10      	MOVLW       16
0x0208	0x6E92      	MOVWF       TRISA 
;PiscaLedComBotao.c,39 :: 		PORTB = 0x00;
0x020A	0x6A81      	CLRF        PORTB 
;PiscaLedComBotao.c,40 :: 		PORTE = 0x00; // nivel baixo
0x020C	0x6A84      	CLRF        PORTE 
;PiscaLedComBotao.c,41 :: 		PORTC = 0X00;
0x020E	0x6A82      	CLRF        PORTC 
;PiscaLedComBotao.c,42 :: 		PORTA = 0X00;
0x0210	0x6A80      	CLRF        PORTA 
;PiscaLedComBotao.c,43 :: 		ADCON1 = 0x0F; // analogico digital
0x0212	0x0E0F      	MOVLW       15
0x0214	0x6EC1      	MOVWF       ADCON1 
;PiscaLedComBotao.c,46 :: 		FAN = 0;
0x0216	0x9482      	BCF         PORTC, 2 
;PiscaLedComBotao.c,47 :: 		LAMPADA = 0;
0x0218	0x9481      	BCF         PORTB, 2 
;PiscaLedComBotao.c,48 :: 		CORTINA = 0;
0x021A	0x9680      	BCF         PORTA, 3 
;PiscaLedComBotao.c,49 :: 		CORTINA2 = 0;
0x021C	0x9681      	BCF         PORTB, 3 
;PiscaLedComBotao.c,50 :: 		BUZZER = 0;
0x021E	0x9282      	BCF         PORTC, 1 
;PiscaLedComBotao.c,51 :: 		Lcd_Init(); // Initialize LCD
0x0220	0xDF5E      	RCALL       _Lcd_Init
;PiscaLedComBotao.c,53 :: 		Lcd_Cmd(_LCD_CLEAR); // Clear display
0x0222	0x0E01      	MOVLW       1
0x0224	0x6F94      	MOVWF       FARG_Lcd_Cmd_out_char, 1
0x0226	0xDF0D      	RCALL       _Lcd_Cmd
;PiscaLedComBotao.c,54 :: 		Lcd_Cmd(_LCD_CURSOR_OFF); // Cursor off
0x0228	0x0E0C      	MOVLW       12
0x022A	0x6F94      	MOVWF       FARG_Lcd_Cmd_out_char, 1
0x022C	0xDF0A      	RCALL       _Lcd_Cmd
;PiscaLedComBotao.c,56 :: 		Lcd_Out(1, 1, "B1-CORT.");
0x022E	0x0E01      	MOVLW       1
0x0230	0x6F8E      	MOVWF       FARG_Lcd_Out_row, 1
0x0232	0x0E01      	MOVLW       1
0x0234	0x6F8F      	MOVWF       FARG_Lcd_Out_column, 1
0x0236	0x0E5E      	MOVLW       ?lstr1_PiscaLedComBotao
0x0238	0x6F90      	MOVWF       FARG_Lcd_Out_text, 1
0x023A	0x0E00      	MOVLW       hi_addr(?lstr1_PiscaLedComBotao)
0x023C	0x6F91      	MOVWF       FARG_Lcd_Out_text+1, 1
0x023E	0xDF9B      	RCALL       _Lcd_Out
;PiscaLedComBotao.c,57 :: 		Lcd_Out(1, 9, "B2-EXAUST.");
0x0240	0x0E01      	MOVLW       1
0x0242	0x6F8E      	MOVWF       FARG_Lcd_Out_row, 1
0x0244	0x0E09      	MOVLW       9
0x0246	0x6F8F      	MOVWF       FARG_Lcd_Out_column, 1
0x0248	0x0E53      	MOVLW       ?lstr2_PiscaLedComBotao
0x024A	0x6F90      	MOVWF       FARG_Lcd_Out_text, 1
0x024C	0x0E00      	MOVLW       hi_addr(?lstr2_PiscaLedComBotao)
0x024E	0x6F91      	MOVWF       FARG_Lcd_Out_text+1, 1
0x0250	0xDF92      	RCALL       _Lcd_Out
;PiscaLedComBotao.c,58 :: 		Lcd_Out(2, 1, "B3-LAMPADA");
0x0252	0x0E02      	MOVLW       2
0x0254	0x6F8E      	MOVWF       FARG_Lcd_Out_row, 1
0x0256	0x0E01      	MOVLW       1
0x0258	0x6F8F      	MOVWF       FARG_Lcd_Out_column, 1
0x025A	0x0E48      	MOVLW       ?lstr3_PiscaLedComBotao
0x025C	0x6F90      	MOVWF       FARG_Lcd_Out_text, 1
0x025E	0x0E00      	MOVLW       hi_addr(?lstr3_PiscaLedComBotao)
0x0260	0x6F91      	MOVWF       FARG_Lcd_Out_text+1, 1
0x0262	0xDF89      	RCALL       _Lcd_Out
;PiscaLedComBotao.c,60 :: 		while (1) {
L_main1:
;PiscaLedComBotao.c,61 :: 		if (BTNCORTINA) {
0x0264	0xA081      	BTFSS       PORTB, 0 
0x0266	0xD02F      	BRA         L_main3
;PiscaLedComBotao.c,62 :: 		Lcd_Cmd(_LCD_CLEAR);
0x0268	0x0E01      	MOVLW       1
0x026A	0x6F94      	MOVWF       FARG_Lcd_Cmd_out_char, 1
0x026C	0xDEEA      	RCALL       _Lcd_Cmd
;PiscaLedComBotao.c,64 :: 		CORTINA = ~CORTINA;
0x026E	0x7680      	BTG         PORTA, 3 
;PiscaLedComBotao.c,65 :: 		CORTINA2 = ~CORTINA2;
0x0270	0x7681      	BTG         PORTB, 3 
;PiscaLedComBotao.c,66 :: 		BUZZER = ~BUZZER;
0x0272	0x7282      	BTG         PORTC, 1 
;PiscaLedComBotao.c,67 :: 		Lcd_Out(1, 1, "CORTINA D'AGUA");
0x0274	0x0E01      	MOVLW       1
0x0276	0x6F8E      	MOVWF       FARG_Lcd_Out_row, 1
0x0278	0x0E01      	MOVLW       1
0x027A	0x6F8F      	MOVWF       FARG_Lcd_Out_column, 1
0x027C	0x0E78      	MOVLW       ?lstr4_PiscaLedComBotao
0x027E	0x6F90      	MOVWF       FARG_Lcd_Out_text, 1
0x0280	0x0E00      	MOVLW       hi_addr(?lstr4_PiscaLedComBotao)
0x0282	0x6F91      	MOVWF       FARG_Lcd_Out_text+1, 1
0x0284	0xDF78      	RCALL       _Lcd_Out
;PiscaLedComBotao.c,68 :: 		Lcd_Out(2, 1, CORTINA ? "LIGADA" : "DESLIGADA");
0x0286	0x0E02      	MOVLW       2
0x0288	0x6F8E      	MOVWF       FARG_Lcd_Out_row, 1
0x028A	0x0E01      	MOVLW       1
0x028C	0x6F8F      	MOVWF       FARG_Lcd_Out_column, 1
0x028E	0xA680      	BTFSS       PORTA, 3 
0x0290	0xD005      	BRA         L_main4
0x0292	0x0E71      	MOVLW       ?lstr5_PiscaLedComBotao
0x0294	0x6F88      	MOVWF       ?FLOC___mainT29, 1
0x0296	0x0E00      	MOVLW       hi_addr(?lstr5_PiscaLedComBotao)
0x0298	0x6F89      	MOVWF       ?FLOC___mainT29+1, 1
0x029A	0xD004      	BRA         L_main5
L_main4:
0x029C	0x0E67      	MOVLW       ?lstr6_PiscaLedComBotao
0x029E	0x6F88      	MOVWF       ?FLOC___mainT29, 1
0x02A0	0x0E00      	MOVLW       hi_addr(?lstr6_PiscaLedComBotao)
0x02A2	0x6F89      	MOVWF       ?FLOC___mainT29+1, 1
L_main5:
0x02A4	0xF090C088  	MOVFF       ?FLOC___mainT29, FARG_Lcd_Out_text
0x02A8	0xF091C089  	MOVFF       ?FLOC___mainT29+1, FARG_Lcd_Out_text+1
0x02AC	0xDF64      	RCALL       _Lcd_Out
;PiscaLedComBotao.c,69 :: 		delay_ms(200);
0x02AE	0x0E03      	MOVLW       3
0x02B0	0x6E0B      	MOVWF       R11, 0
0x02B2	0x0E08      	MOVLW       8
0x02B4	0x6E0C      	MOVWF       R12, 0
0x02B6	0x0E77      	MOVLW       119
0x02B8	0x6E0D      	MOVWF       R13, 0
L_main6:
0x02BA	0x2E0D      	DECFSZ      R13, 1, 0
0x02BC	0xD7FE      	BRA         L_main6
0x02BE	0x2E0C      	DECFSZ      R12, 1, 0
0x02C0	0xD7FC      	BRA         L_main6
0x02C2	0x2E0B      	DECFSZ      R11, 1, 0
0x02C4	0xD7FA      	BRA         L_main6
;PiscaLedComBotao.c,70 :: 		}
L_main3:
;PiscaLedComBotao.c,72 :: 		if (BTNEXAUSTOR) {
0x02C6	0xA082      	BTFSS       PORTC, 0 
0x02C8	0xD02D      	BRA         L_main7
;PiscaLedComBotao.c,73 :: 		FAN = ~FAN;
0x02CA	0x7482      	BTG         PORTC, 2 
;PiscaLedComBotao.c,74 :: 		Lcd_Cmd(_LCD_CLEAR);
0x02CC	0x0E01      	MOVLW       1
0x02CE	0x6F94      	MOVWF       FARG_Lcd_Cmd_out_char, 1
0x02D0	0xDEB8      	RCALL       _Lcd_Cmd
;PiscaLedComBotao.c,75 :: 		Lcd_Out(1, 1, "EXAUSTOR");
0x02D2	0x0E01      	MOVLW       1
0x02D4	0x6F8E      	MOVWF       FARG_Lcd_Out_row, 1
0x02D6	0x0E01      	MOVLW       1
0x02D8	0x6F8F      	MOVWF       FARG_Lcd_Out_column, 1
0x02DA	0x0E26      	MOVLW       ?lstr7_PiscaLedComBotao
0x02DC	0x6F90      	MOVWF       FARG_Lcd_Out_text, 1
0x02DE	0x0E00      	MOVLW       hi_addr(?lstr7_PiscaLedComBotao)
0x02E0	0x6F91      	MOVWF       FARG_Lcd_Out_text+1, 1
0x02E2	0xDF49      	RCALL       _Lcd_Out
;PiscaLedComBotao.c,76 :: 		Lcd_Out(2, 1, FAN ? "LIGADO" : "DESLIGADO");
0x02E4	0x0E02      	MOVLW       2
0x02E6	0x6F8E      	MOVWF       FARG_Lcd_Out_row, 1
0x02E8	0x0E01      	MOVLW       1
0x02EA	0x6F8F      	MOVWF       FARG_Lcd_Out_column, 1
0x02EC	0xA482      	BTFSS       PORTC, 2 
0x02EE	0xD005      	BRA         L_main8
0x02F0	0x0E1F      	MOVLW       ?lstr8_PiscaLedComBotao
0x02F2	0x6F8A      	MOVWF       ?FLOC___mainT39, 1
0x02F4	0x0E00      	MOVLW       hi_addr(?lstr8_PiscaLedComBotao)
0x02F6	0x6F8B      	MOVWF       ?FLOC___mainT39+1, 1
0x02F8	0xD004      	BRA         L_main9
L_main8:
0x02FA	0x0E15      	MOVLW       ?lstr9_PiscaLedComBotao
0x02FC	0x6F8A      	MOVWF       ?FLOC___mainT39, 1
0x02FE	0x0E00      	MOVLW       hi_addr(?lstr9_PiscaLedComBotao)
0x0300	0x6F8B      	MOVWF       ?FLOC___mainT39+1, 1
L_main9:
0x0302	0xF090C08A  	MOVFF       ?FLOC___mainT39, FARG_Lcd_Out_text
0x0306	0xF091C08B  	MOVFF       ?FLOC___mainT39+1, FARG_Lcd_Out_text+1
0x030A	0xDF35      	RCALL       _Lcd_Out
;PiscaLedComBotao.c,77 :: 		delay_ms(200);
0x030C	0x0E03      	MOVLW       3
0x030E	0x6E0B      	MOVWF       R11, 0
0x0310	0x0E08      	MOVLW       8
0x0312	0x6E0C      	MOVWF       R12, 0
0x0314	0x0E77      	MOVLW       119
0x0316	0x6E0D      	MOVWF       R13, 0
L_main10:
0x0318	0x2E0D      	DECFSZ      R13, 1, 0
0x031A	0xD7FE      	BRA         L_main10
0x031C	0x2E0C      	DECFSZ      R12, 1, 0
0x031E	0xD7FC      	BRA         L_main10
0x0320	0x2E0B      	DECFSZ      R11, 1, 0
0x0322	0xD7FA      	BRA         L_main10
;PiscaLedComBotao.c,79 :: 		}
L_main7:
;PiscaLedComBotao.c,81 :: 		if (BTNLAMPADA) {
0x0324	0xA880      	BTFSS       PORTA, 4 
0x0326	0xD02D      	BRA         L_main11
;PiscaLedComBotao.c,82 :: 		Lcd_Cmd(_LCD_CLEAR);
0x0328	0x0E01      	MOVLW       1
0x032A	0x6F94      	MOVWF       FARG_Lcd_Cmd_out_char, 1
0x032C	0xDE8A      	RCALL       _Lcd_Cmd
;PiscaLedComBotao.c,83 :: 		Lcd_Out(1, 1, "LAMPADA");
0x032E	0x0E01      	MOVLW       1
0x0330	0x6F8E      	MOVWF       FARG_Lcd_Out_row, 1
0x0332	0x0E01      	MOVLW       1
0x0334	0x6F8F      	MOVWF       FARG_Lcd_Out_column, 1
0x0336	0x0E40      	MOVLW       ?lstr10_PiscaLedComBotao
0x0338	0x6F90      	MOVWF       FARG_Lcd_Out_text, 1
0x033A	0x0E00      	MOVLW       hi_addr(?lstr10_PiscaLedComBotao)
0x033C	0x6F91      	MOVWF       FARG_Lcd_Out_text+1, 1
0x033E	0xDF1B      	RCALL       _Lcd_Out
;PiscaLedComBotao.c,84 :: 		Lcd_Out(2, 1, LAMPADA ? "LIGADA" : "DESLIGADA");
0x0340	0x0E02      	MOVLW       2
0x0342	0x6F8E      	MOVWF       FARG_Lcd_Out_row, 1
0x0344	0x0E01      	MOVLW       1
0x0346	0x6F8F      	MOVWF       FARG_Lcd_Out_column, 1
0x0348	0xA481      	BTFSS       PORTB, 2 
0x034A	0xD005      	BRA         L_main12
0x034C	0x0E39      	MOVLW       ?lstr11_PiscaLedComBotao
0x034E	0x6F8C      	MOVWF       ?FLOC___mainT45, 1
0x0350	0x0E00      	MOVLW       hi_addr(?lstr11_PiscaLedComBotao)
0x0352	0x6F8D      	MOVWF       ?FLOC___mainT45+1, 1
0x0354	0xD004      	BRA         L_main13
L_main12:
0x0356	0x0E2F      	MOVLW       ?lstr12_PiscaLedComBotao
0x0358	0x6F8C      	MOVWF       ?FLOC___mainT45, 1
0x035A	0x0E00      	MOVLW       hi_addr(?lstr12_PiscaLedComBotao)
0x035C	0x6F8D      	MOVWF       ?FLOC___mainT45+1, 1
L_main13:
0x035E	0xF090C08C  	MOVFF       ?FLOC___mainT45, FARG_Lcd_Out_text
0x0362	0xF091C08D  	MOVFF       ?FLOC___mainT45+1, FARG_Lcd_Out_text+1
0x0366	0xDF07      	RCALL       _Lcd_Out
;PiscaLedComBotao.c,85 :: 		delay_ms(200);
0x0368	0x0E03      	MOVLW       3
0x036A	0x6E0B      	MOVWF       R11, 0
0x036C	0x0E08      	MOVLW       8
0x036E	0x6E0C      	MOVWF       R12, 0
0x0370	0x0E77      	MOVLW       119
0x0372	0x6E0D      	MOVWF       R13, 0
L_main14:
0x0374	0x2E0D      	DECFSZ      R13, 1, 0
0x0376	0xD7FE      	BRA         L_main14
0x0378	0x2E0C      	DECFSZ      R12, 1, 0
0x037A	0xD7FC      	BRA         L_main14
0x037C	0x2E0B      	DECFSZ      R11, 1, 0
0x037E	0xD7FA      	BRA         L_main14
;PiscaLedComBotao.c,86 :: 		LAMPADA = ~LAMPADA;
0x0380	0x7481      	BTG         PORTB, 2 
;PiscaLedComBotao.c,93 :: 		}
L_main11:
;PiscaLedComBotao.c,95 :: 		}
0x0382	0xD770      	BRA         L_main1
;PiscaLedComBotao.c,97 :: 		}
L_end_main:
0x0384	0xD7FF      	BRA         $+0
; end of _main
0x03F8	0xF015EE10  	LFSR        1, 21
0x03FC	0x0E72      	MOVLW       114
0x03FE	0x6E00      	MOVWF       R0 
0x0400	0x0E01      	MOVLW       1
0x0402	0x6E01      	MOVWF       R1 
0x0404	0x0E86      	MOVLW       134
0x0406	0x6EF6      	MOVWF       4086 
0x0408	0x0E03      	MOVLW       3
0x040A	0x6EF7      	MOVWF       TBLPTRH 
0x040C	0x0E00      	MOVLW       0
0x040E	0x6EF8      	MOVWF       TBLPTRU 
0x0410	0xF000EC67  	CALL        206, 0
0x0414	0x0012      	RETURN      0
;PiscaLedComBotao.c,0 :: ?ICS?lstr9_PiscaLedComBotao
0x0386	0x4544 ;?ICS?lstr9_PiscaLedComBotao+0
0x0388	0x4C53 ;?ICS?lstr9_PiscaLedComBotao+2
0x038A	0x4749 ;?ICS?lstr9_PiscaLedComBotao+4
0x038C	0x4441 ;?ICS?lstr9_PiscaLedComBotao+6
0x038E	0x004F ;?ICS?lstr9_PiscaLedComBotao+8
; end of ?ICS?lstr9_PiscaLedComBotao
;PiscaLedComBotao.c,0 :: ?ICS?lstr8_PiscaLedComBotao
0x0390	0x494C ;?ICS?lstr8_PiscaLedComBotao+0
0x0392	0x4147 ;?ICS?lstr8_PiscaLedComBotao+2
0x0394	0x4F44 ;?ICS?lstr8_PiscaLedComBotao+4
0x0396	0x00 ;?ICS?lstr8_PiscaLedComBotao+6
; end of ?ICS?lstr8_PiscaLedComBotao
;PiscaLedComBotao.c,0 :: ?ICS?lstr7_PiscaLedComBotao
0x0397	0x5845 ;?ICS?lstr7_PiscaLedComBotao+0
0x0399	0x5541 ;?ICS?lstr7_PiscaLedComBotao+2
0x039B	0x5453 ;?ICS?lstr7_PiscaLedComBotao+4
0x039D	0x524F ;?ICS?lstr7_PiscaLedComBotao+6
0x039F	0x00 ;?ICS?lstr7_PiscaLedComBotao+8
; end of ?ICS?lstr7_PiscaLedComBotao
;PiscaLedComBotao.c,0 :: ?ICS?lstr12_PiscaLedComBotao
0x03A0	0x4544 ;?ICS?lstr12_PiscaLedComBotao+0
0x03A2	0x4C53 ;?ICS?lstr12_PiscaLedComBotao+2
0x03A4	0x4749 ;?ICS?lstr12_PiscaLedComBotao+4
0x03A6	0x4441 ;?ICS?lstr12_PiscaLedComBotao+6
0x03A8	0x0041 ;?ICS?lstr12_PiscaLedComBotao+8
; end of ?ICS?lstr12_PiscaLedComBotao
;PiscaLedComBotao.c,0 :: ?ICS?lstr11_PiscaLedComBotao
0x03AA	0x494C ;?ICS?lstr11_PiscaLedComBotao+0
0x03AC	0x4147 ;?ICS?lstr11_PiscaLedComBotao+2
0x03AE	0x4144 ;?ICS?lstr11_PiscaLedComBotao+4
0x03B0	0x00 ;?ICS?lstr11_PiscaLedComBotao+6
; end of ?ICS?lstr11_PiscaLedComBotao
;PiscaLedComBotao.c,0 :: ?ICS?lstr10_PiscaLedComBotao
0x03B1	0x414C ;?ICS?lstr10_PiscaLedComBotao+0
0x03B3	0x504D ;?ICS?lstr10_PiscaLedComBotao+2
0x03B5	0x4441 ;?ICS?lstr10_PiscaLedComBotao+4
0x03B7	0x0041 ;?ICS?lstr10_PiscaLedComBotao+6
; end of ?ICS?lstr10_PiscaLedComBotao
;PiscaLedComBotao.c,0 :: ?ICS?lstr3_PiscaLedComBotao
0x03B9	0x3342 ;?ICS?lstr3_PiscaLedComBotao+0
0x03BB	0x4C2D ;?ICS?lstr3_PiscaLedComBotao+2
0x03BD	0x4D41 ;?ICS?lstr3_PiscaLedComBotao+4
0x03BF	0x4150 ;?ICS?lstr3_PiscaLedComBotao+6
0x03C1	0x4144 ;?ICS?lstr3_PiscaLedComBotao+8
0x03C3	0x00 ;?ICS?lstr3_PiscaLedComBotao+10
; end of ?ICS?lstr3_PiscaLedComBotao
;PiscaLedComBotao.c,0 :: ?ICS?lstr2_PiscaLedComBotao
0x03C4	0x3242 ;?ICS?lstr2_PiscaLedComBotao+0
0x03C6	0x452D ;?ICS?lstr2_PiscaLedComBotao+2
0x03C8	0x4158 ;?ICS?lstr2_PiscaLedComBotao+4
0x03CA	0x5355 ;?ICS?lstr2_PiscaLedComBotao+6
0x03CC	0x2E54 ;?ICS?lstr2_PiscaLedComBotao+8
0x03CE	0x00 ;?ICS?lstr2_PiscaLedComBotao+10
; end of ?ICS?lstr2_PiscaLedComBotao
;PiscaLedComBotao.c,0 :: ?ICS?lstr1_PiscaLedComBotao
0x03CF	0x3142 ;?ICS?lstr1_PiscaLedComBotao+0
0x03D1	0x432D ;?ICS?lstr1_PiscaLedComBotao+2
0x03D3	0x524F ;?ICS?lstr1_PiscaLedComBotao+4
0x03D5	0x2E54 ;?ICS?lstr1_PiscaLedComBotao+6
0x03D7	0x00 ;?ICS?lstr1_PiscaLedComBotao+8
; end of ?ICS?lstr1_PiscaLedComBotao
;PiscaLedComBotao.c,0 :: ?ICS?lstr6_PiscaLedComBotao
0x03D8	0x4544 ;?ICS?lstr6_PiscaLedComBotao+0
0x03DA	0x4C53 ;?ICS?lstr6_PiscaLedComBotao+2
0x03DC	0x4749 ;?ICS?lstr6_PiscaLedComBotao+4
0x03DE	0x4441 ;?ICS?lstr6_PiscaLedComBotao+6
0x03E0	0x0041 ;?ICS?lstr6_PiscaLedComBotao+8
; end of ?ICS?lstr6_PiscaLedComBotao
;PiscaLedComBotao.c,0 :: ?ICS?lstr5_PiscaLedComBotao
0x03E2	0x494C ;?ICS?lstr5_PiscaLedComBotao+0
0x03E4	0x4147 ;?ICS?lstr5_PiscaLedComBotao+2
0x03E6	0x4144 ;?ICS?lstr5_PiscaLedComBotao+4
0x03E8	0x00 ;?ICS?lstr5_PiscaLedComBotao+6
; end of ?ICS?lstr5_PiscaLedComBotao
;PiscaLedComBotao.c,0 :: ?ICS?lstr4_PiscaLedComBotao
0x03E9	0x4F43 ;?ICS?lstr4_PiscaLedComBotao+0
0x03EB	0x5452 ;?ICS?lstr4_PiscaLedComBotao+2
0x03ED	0x4E49 ;?ICS?lstr4_PiscaLedComBotao+4
0x03EF	0x2041 ;?ICS?lstr4_PiscaLedComBotao+6
0x03F1	0x2744 ;?ICS?lstr4_PiscaLedComBotao+8
0x03F3	0x4741 ;?ICS?lstr4_PiscaLedComBotao+10
0x03F5	0x4155 ;?ICS?lstr4_PiscaLedComBotao+12
0x03F7	0x00 ;?ICS?lstr4_PiscaLedComBotao+14
; end of ?ICS?lstr4_PiscaLedComBotao
Symbol List:
//** Routines locations **
//ADDRESS    SIZE    PROCEDURE
//----------------------------------------------
0x001C       [6]    _Delay_1us
0x0022      [22]    _Delay_5500us
0x0038      [10]    _Delay_50us
0x0042     [126]    _Lcd_Cmd
0x00C0      [14]    _Lcd_Chr_CP
0x00CE      [16]    ___CC2DW
0x00DE     [152]    _Lcd_Init
0x0176     [126]    _Lcd_Out
0x01F4     [402]    _main
//** Variables locations ** 
//ADDRESS    SIZE    VARIABLE
//----------------------------------------------
0x0000       [1]    R0
0x0001       [1]    R1
0x0002       [1]    R2
0x0003       [1]    R3
0x0004       [1]    R4
0x0005       [1]    R5
0x0006       [1]    R6
0x0007       [1]    R7
0x0008       [1]    R8
0x0009       [1]    R9
0x000A       [1]    R10
0x000B       [1]    R11
0x000C       [1]    R12
0x000D       [1]    R13
0x000E       [1]    R14
0x000F       [1]    R15
0x0010       [1]    R16
0x0011       [1]    R17
0x0012       [1]    R18
0x0013       [1]    R19
0x0014       [1]    R20
0x0015      [10]    ?lstr9_PiscaLedComBotao
0x001F       [7]    ?lstr8_PiscaLedComBotao
0x0026       [9]    ?lstr7_PiscaLedComBotao
0x002F      [10]    ?lstr12_PiscaLedComBotao
0x0039       [7]    ?lstr11_PiscaLedComBotao
0x0040       [8]    ?lstr10_PiscaLedComBotao
0x0048      [11]    ?lstr3_PiscaLedComBotao
0x0053      [11]    ?lstr2_PiscaLedComBotao
0x005E       [9]    ?lstr1_PiscaLedComBotao
0x0067      [10]    ?lstr6_PiscaLedComBotao
0x0071       [7]    ?lstr5_PiscaLedComBotao
0x0078      [15]    ?lstr4_PiscaLedComBotao
0x0087       [0]    __Lib_Lcd_cmd_status
0x0088       [2]    ?FLOC___mainT29
0x008A       [2]    ?FLOC___mainT39
0x008C       [2]    ?FLOC___mainT45
0x008E       [1]    FARG_Lcd_Out_row
0x008F       [1]    FARG_Lcd_Out_column
0x0090       [2]    FARG_Lcd_Out_text
0x0092       [1]    Lcd_Out_i_L0
0x0093       [1]    FARG_Lcd_Chr_CP_out_char
0x0094       [1]    FARG_Lcd_Cmd_out_char
0x0F80       [1]    PORTA
0x0F81       [1]    PORTB
0x0F82       [1]    PORTC
0x0F83       [0]    RD6_bit
0x0F83       [0]    RD7_bit
0x0F83       [0]    RD5_bit
0x0F83       [0]    RD4_bit
0x0F83       [0]    LCD_D7
0x0F83       [0]    LCD_D4
0x0F83       [0]    LCD_D6
0x0F83       [0]    LCD_D5
0x0F84       [0]    LCD_RS
0x0F84       [0]    LCD_EN
0x0F84       [0]    RE0_bit
0x0F84       [0]    RE1_bit
0x0F84       [1]    PORTE
0x0F92       [1]    TRISA
0x0F93       [1]    TRISB
0x0F94       [1]    TRISC
0x0F95       [0]    LCD_D6_Direction
0x0F95       [0]    TRISD5_bit
0x0F95       [0]    LCD_D7_Direction
0x0F95       [0]    TRISD6_bit
0x0F95       [0]    TRISD7_bit
0x0F95       [0]    LCD_D5_Direction
0x0F95       [0]    LCD_D4_Direction
0x0F95       [0]    TRISD4_bit
0x0F96       [0]    LCD_EN_Direction
0x0F96       [0]    TRISE0_bit
0x0F96       [1]    TRISE
0x0F96       [0]    TRISE1_bit
0x0F96       [0]    LCD_RS_Direction
0x0FB4       [1]    CMCON
0x0FC1       [1]    ADCON1
0x0FD8       [1]    STATUS
0x0FD9       [1]    FSR2L
0x0FDA       [1]    FSR2H
0x0FDE       [1]    POSTINC2
0x0FE0       [1]    BSR
0x0FE1       [1]    FSR1L
0x0FE2       [1]    FSR1H
0x0FE4       [1]    PREINC1
0x0FE6       [1]    POSTINC1
0x0FE7       [1]    INDF1
0x0FE8       [1]    WREG
0x0FE9       [1]    FSR0L
0x0FEA       [1]    FSR0H
0x0FEE       [1]    POSTINC0
0x0FF3       [1]    PRODL
0x0FF4       [1]    PRODH
0x0FF5       [1]    TABLAT
0x0FF6       [1]    TBLPTRL
0x0FF7       [1]    TBLPTRH
0x0FF8       [1]    TBLPTRU
//** Constants locations ** 
//ADDRESS    SIZE    CONSTANT
//----------------------------------------------
0x0386      [10]    ?ICS?lstr9_PiscaLedComBotao
0x0390       [7]    ?ICS?lstr8_PiscaLedComBotao
0x0397       [9]    ?ICS?lstr7_PiscaLedComBotao
0x03A0      [10]    ?ICS?lstr12_PiscaLedComBotao
0x03AA       [7]    ?ICS?lstr11_PiscaLedComBotao
0x03B1       [8]    ?ICS?lstr10_PiscaLedComBotao
0x03B9      [11]    ?ICS?lstr3_PiscaLedComBotao
0x03C4      [11]    ?ICS?lstr2_PiscaLedComBotao
0x03CF       [9]    ?ICS?lstr1_PiscaLedComBotao
0x03D8      [10]    ?ICS?lstr6_PiscaLedComBotao
0x03E2       [7]    ?ICS?lstr5_PiscaLedComBotao
0x03E9      [15]    ?ICS?lstr4_PiscaLedComBotao
