0	1	mikroCPIC1618.exe -MSF -DBG -pP18F4520 -DL -O11111114 -fo8 -N"C:\Users\Luciano Rex\Documents\apostilapic\LCDcomMenu\codigo\LCDcomMenu.mcppi" -SP"C:\Users\Public\Documents\Mikroelektronika\mikroC PRO for PIC\Defs\" -SP"C:\Users\Public\Documents\Mikroelektronika\mikroC PRO for PIC\uses\P18\" -SP"C:\Users\Luciano Rex\Documents\apostilapic\LCDcomMenu\codigo\" -IP"C:\Users\Public\Documents\Mikroelektronika\mikroC PRO for PIC\uses\P18\" "LCDcomMenu.c" "__Lib_Math.mcl" "__Lib_MathDouble.mcl" "__Lib_System.mcl" "__Lib_Delays.mcl" "__Lib_LcdConsts.mcl" "__Lib_Lcd.mcl"	 
hint: 0	1139	Available RAM: 1515 [bytes], Available ROM: 32768 [bytes]	 
diagnostics: 0	122	Compilation Started	LCDcomMenu.c
warning: 57	1506	Implicit conversion of pointer to int	LCDcomMenu.c
warning: 58	1506	Implicit conversion of pointer to int	LCDcomMenu.c
warning: 59	1506	Implicit conversion of pointer to int	LCDcomMenu.c
warning: 60	1506	Implicit conversion of pointer to int	LCDcomMenu.c
warning: 63	1506	Implicit conversion of pointer to int	LCDcomMenu.c
warning: 64	1506	Implicit conversion of pointer to int	LCDcomMenu.c
warning: 65	1506	Implicit conversion of pointer to int	LCDcomMenu.c
warning: 66	1506	Implicit conversion of pointer to int	LCDcomMenu.c
warning: 67	1506	Implicit conversion of pointer to int	LCDcomMenu.c
warning: 69	1506	Implicit conversion of pointer to int	LCDcomMenu.c
warning: 70	1506	Implicit conversion of pointer to int	LCDcomMenu.c
warning: 71	1506	Implicit conversion of pointer to int	LCDcomMenu.c
warning: 72	1506	Implicit conversion of pointer to int	LCDcomMenu.c
warning: 73	1506	Implicit conversion of pointer to int	LCDcomMenu.c
warning: 76	1506	Implicit conversion of pointer to int	LCDcomMenu.c
warning: 77	1506	Implicit conversion of pointer to int	LCDcomMenu.c
warning: 78	1506	Implicit conversion of pointer to int	LCDcomMenu.c
warning: 137	1505	Suspicious pointer conversion	LCDcomMenu.c
diagnostics: 230	123	Compiled Successfully	LCDcomMenu.c
diagnostics: 0	127	All files Compiled in 125 ms	 
hint: 0	1144	Used RAM (bytes): 105 (7%)  Free RAM (bytes): 1410 (93%)	Used RAM (bytes): 105 (7%)  Free RAM (bytes): 1410 (93%)
hint: 0	1144	Used ROM (bytes): 1951 (6%)  Free ROM (bytes): 30817 (94%)	Used ROM (bytes): 1951 (6%)  Free ROM (bytes): 30817 (94%)
diagnostics: 0	125	Project Linked Successfully	LCDcomMenu.mcppi
diagnostics: 0	128	Linked in 93 ms	 
diagnostics: 0	129	Project 'LCDcomMenu.mcppi' completed: 250 ms	 
diagnostics: 0	103	Finished successfully: 26 set 2020, 22:54:57	LCDcomMenu.mcppi
