;  LST file generated by mikroListExporter - v.2.0 
; Date/Time: 26/09/2020 22:54:57
;----------------------------------------------

;Address Opcode 	ASM
0x0000	0xF001EFE9  	GOTO        978
0x0004	0x0000      	NOP
0x0006	0x0000      	NOP
0x0008	0xF000EF00  	GOTO        0
0x000C	0x0000      	NOP
0x000E	0x0000      	NOP
0x0010	0x0000      	NOP
0x0012	0x0000      	NOP
0x0014	0x0000      	NOP
0x0016	0x0000      	NOP
0x0018	0xD7F3      	BRA         0
_Delay_50us:
;__Lib_Delays.c,19 :: 		void Delay_50us() {
;__Lib_Delays.c,20 :: 		Delay_us(50);
0x001C	0x0E21      	MOVLW       33
0x001E	0x6E0D      	MOVWF       R13, 0
L_Delay_50us2:
0x0020	0x2E0D      	DECFSZ      R13, 1, 0
0x0022	0xD7FE      	BRA         L_Delay_50us2
;__Lib_Delays.c,21 :: 		}
L_end_Delay_50us:
0x0024	0x0012      	RETURN      0
; end of _Delay_50us
_Delay_5500us:
;__Lib_Delays.c,31 :: 		void Delay_5500us() {
;__Lib_Delays.c,32 :: 		Delay_us(5500);
0x0026	0x0E0F      	MOVLW       15
0x0028	0x6E0C      	MOVWF       R12, 0
0x002A	0x0E47      	MOVLW       71
0x002C	0x6E0D      	MOVWF       R13, 0
L_Delay_5500us5:
0x002E	0x2E0D      	DECFSZ      R13, 1, 0
0x0030	0xD7FE      	BRA         L_Delay_5500us5
0x0032	0x2E0C      	DECFSZ      R12, 1, 0
0x0034	0xD7FC      	BRA         L_Delay_5500us5
0x0036	0x0000      	NOP
0x0038	0x0000      	NOP
;__Lib_Delays.c,33 :: 		}
L_end_Delay_5500us:
0x003A	0x0012      	RETURN      0
; end of _Delay_5500us
_Delay_1us:
;__Lib_Delays.c,7 :: 		void Delay_1us() {
;__Lib_Delays.c,8 :: 		Delay_us(1);
0x003C	0x0000      	NOP
0x003E	0x0000      	NOP
;__Lib_Delays.c,9 :: 		}
L_end_Delay_1us:
0x0040	0x0012      	RETURN      0
; end of _Delay_1us
_Lcd_Cmd:
;__Lib_Lcd.c,18 :: 		
;__Lib_Lcd.c,20 :: 		
0x0042	0xBE7E      	BTFSC       FARG_Lcd_Cmd_out_char, 7 
0x0044	0xD002      	BRA         L__Lcd_Cmd21
0x0046	0x9E83      	BCF         LCD_D7, BitPos(LCD_D7+0) 
0x0048	0xD001      	BRA         L__Lcd_Cmd22
L__Lcd_Cmd21:
0x004A	0x8E83      	BSF         LCD_D7, BitPos(LCD_D7+0) 
L__Lcd_Cmd22:
;__Lib_Lcd.c,21 :: 		
0x004C	0xBC7E      	BTFSC       FARG_Lcd_Cmd_out_char, 6 
0x004E	0xD002      	BRA         L__Lcd_Cmd23
0x0050	0x9C83      	BCF         LCD_D6, BitPos(LCD_D6+0) 
0x0052	0xD001      	BRA         L__Lcd_Cmd24
L__Lcd_Cmd23:
0x0054	0x8C83      	BSF         LCD_D6, BitPos(LCD_D6+0) 
L__Lcd_Cmd24:
;__Lib_Lcd.c,22 :: 		
0x0056	0xBA7E      	BTFSC       FARG_Lcd_Cmd_out_char, 5 
0x0058	0xD002      	BRA         L__Lcd_Cmd25
0x005A	0x9A83      	BCF         LCD_D5, BitPos(LCD_D5+0) 
0x005C	0xD001      	BRA         L__Lcd_Cmd26
L__Lcd_Cmd25:
0x005E	0x8A83      	BSF         LCD_D5, BitPos(LCD_D5+0) 
L__Lcd_Cmd26:
;__Lib_Lcd.c,23 :: 		
0x0060	0xB87E      	BTFSC       FARG_Lcd_Cmd_out_char, 4 
0x0062	0xD002      	BRA         L__Lcd_Cmd27
0x0064	0x9883      	BCF         LCD_D4, BitPos(LCD_D4+0) 
0x0066	0xD001      	BRA         L__Lcd_Cmd28
L__Lcd_Cmd27:
0x0068	0x8883      	BSF         LCD_D4, BitPos(LCD_D4+0) 
L__Lcd_Cmd28:
;__Lib_Lcd.c,25 :: 		
0x006A	0xB046      	BTFSC       __Lib_Lcd_cmd_status, BitPos(__Lib_Lcd_cmd_status+0) 
0x006C	0xD002      	BRA         L__Lcd_Cmd29
0x006E	0x8084      	BSF         LCD_RS, BitPos(LCD_RS+0) 
0x0070	0xD001      	BRA         L__Lcd_Cmd30
L__Lcd_Cmd29:
0x0072	0x9084      	BCF         LCD_RS, BitPos(LCD_RS+0) 
L__Lcd_Cmd30:
;__Lib_Lcd.c,28 :: 		
0x0074	0x8284      	BSF         LCD_EN, BitPos(LCD_EN+0) 
;__Lib_Lcd.c,29 :: 		
0x0076	0xDFE2      	RCALL       _Delay_1us
;__Lib_Lcd.c,30 :: 		
0x0078	0x9284      	BCF         LCD_EN, BitPos(LCD_EN+0) 
;__Lib_Lcd.c,33 :: 		
0x007A	0xB67E      	BTFSC       FARG_Lcd_Cmd_out_char, 3 
0x007C	0xD002      	BRA         L__Lcd_Cmd31
0x007E	0x9E83      	BCF         LCD_D7, BitPos(LCD_D7+0) 
0x0080	0xD001      	BRA         L__Lcd_Cmd32
L__Lcd_Cmd31:
0x0082	0x8E83      	BSF         LCD_D7, BitPos(LCD_D7+0) 
L__Lcd_Cmd32:
;__Lib_Lcd.c,34 :: 		
0x0084	0xB47E      	BTFSC       FARG_Lcd_Cmd_out_char, 2 
0x0086	0xD002      	BRA         L__Lcd_Cmd33
0x0088	0x9C83      	BCF         LCD_D6, BitPos(LCD_D6+0) 
0x008A	0xD001      	BRA         L__Lcd_Cmd34
L__Lcd_Cmd33:
0x008C	0x8C83      	BSF         LCD_D6, BitPos(LCD_D6+0) 
L__Lcd_Cmd34:
;__Lib_Lcd.c,35 :: 		
0x008E	0xB27E      	BTFSC       FARG_Lcd_Cmd_out_char, 1 
0x0090	0xD002      	BRA         L__Lcd_Cmd35
0x0092	0x9A83      	BCF         LCD_D5, BitPos(LCD_D5+0) 
0x0094	0xD001      	BRA         L__Lcd_Cmd36
L__Lcd_Cmd35:
0x0096	0x8A83      	BSF         LCD_D5, BitPos(LCD_D5+0) 
L__Lcd_Cmd36:
;__Lib_Lcd.c,36 :: 		
0x0098	0xB07E      	BTFSC       FARG_Lcd_Cmd_out_char, 0 
0x009A	0xD002      	BRA         L__Lcd_Cmd37
0x009C	0x9883      	BCF         LCD_D4, BitPos(LCD_D4+0) 
0x009E	0xD001      	BRA         L__Lcd_Cmd38
L__Lcd_Cmd37:
0x00A0	0x8883      	BSF         LCD_D4, BitPos(LCD_D4+0) 
L__Lcd_Cmd38:
;__Lib_Lcd.c,38 :: 		
0x00A2	0xB046      	BTFSC       __Lib_Lcd_cmd_status, BitPos(__Lib_Lcd_cmd_status+0) 
0x00A4	0xD002      	BRA         L__Lcd_Cmd39
0x00A6	0x8084      	BSF         LCD_RS, BitPos(LCD_RS+0) 
0x00A8	0xD001      	BRA         L__Lcd_Cmd40
L__Lcd_Cmd39:
0x00AA	0x9084      	BCF         LCD_RS, BitPos(LCD_RS+0) 
L__Lcd_Cmd40:
;__Lib_Lcd.c,40 :: 		
0x00AC	0x8284      	BSF         LCD_EN, BitPos(LCD_EN+0) 
;__Lib_Lcd.c,41 :: 		
0x00AE	0xDFC6      	RCALL       _Delay_1us
;__Lib_Lcd.c,42 :: 		
0x00B0	0x9284      	BCF         LCD_EN, BitPos(LCD_EN+0) 
;__Lib_Lcd.c,44 :: 		
0x00B2	0xA046      	BTFSS       __Lib_Lcd_cmd_status, BitPos(__Lib_Lcd_cmd_status+0) 
0x00B4	0xD002      	BRA         L_Lcd_Cmd0
;__Lib_Lcd.c,45 :: 		
0x00B6	0xDFB7      	RCALL       _Delay_5500us
0x00B8	0xD001      	BRA         L_Lcd_Cmd1
L_Lcd_Cmd0:
;__Lib_Lcd.c,47 :: 		
0x00BA	0xDFB0      	RCALL       _Delay_50us
L_Lcd_Cmd1:
;__Lib_Lcd.c,48 :: 		
L_end_Lcd_Cmd:
0x00BC	0x0012      	RETURN      0
; end of _Lcd_Cmd
_Lcd_Chr_CP:
;__Lib_Lcd.c,50 :: 		
;__Lib_Lcd.c,52 :: 		
0x00BE	0x9046      	BCF         __Lib_Lcd_cmd_status, BitPos(__Lib_Lcd_cmd_status+0) 
;__Lib_Lcd.c,53 :: 		
0x00C0	0xF07EC07D  	MOVFF       FARG_Lcd_Chr_CP_out_char, FARG_Lcd_Cmd_out_char
0x00C4	0xDFBE      	RCALL       _Lcd_Cmd
;__Lib_Lcd.c,54 :: 		
0x00C6	0x8046      	BSF         __Lib_Lcd_cmd_status, BitPos(__Lib_Lcd_cmd_status+0) 
;__Lib_Lcd.c,55 :: 		
L_end_Lcd_Chr_CP:
0x00C8	0x0012      	RETURN      0
; end of _Lcd_Chr_CP
_Lcd_Out:
;__Lib_Lcd.c,184 :: 		
;__Lib_Lcd.c,187 :: 		
0x00CA	0xD00F      	BRA         L_Lcd_Out11
;__Lib_Lcd.c,188 :: 		
L_Lcd_Out13:
0x00CC	0x0E80      	MOVLW       128
0x00CE	0x6E78      	MOVWF       FARG_Lcd_Out_row 
0x00D0	0xD019      	BRA         L_Lcd_Out12
;__Lib_Lcd.c,189 :: 		
L_Lcd_Out14:
0x00D2	0x0EC0      	MOVLW       192
0x00D4	0x6E78      	MOVWF       FARG_Lcd_Out_row 
0x00D6	0xD016      	BRA         L_Lcd_Out12
;__Lib_Lcd.c,190 :: 		
L_Lcd_Out15:
0x00D8	0x0E94      	MOVLW       148
0x00DA	0x6E78      	MOVWF       FARG_Lcd_Out_row 
0x00DC	0xD013      	BRA         L_Lcd_Out12
;__Lib_Lcd.c,191 :: 		
L_Lcd_Out16:
0x00DE	0x0ED4      	MOVLW       212
0x00E0	0x6E78      	MOVWF       FARG_Lcd_Out_row 
0x00E2	0xD010      	BRA         L_Lcd_Out12
;__Lib_Lcd.c,192 :: 		
L_Lcd_Out17:
0x00E4	0x0E80      	MOVLW       128
0x00E6	0x6E78      	MOVWF       FARG_Lcd_Out_row 
;__Lib_Lcd.c,193 :: 		
0x00E8	0xD00D      	BRA         L_Lcd_Out12
L_Lcd_Out11:
0x00EA	0x5078      	MOVF        FARG_Lcd_Out_row, 0 
0x00EC	0x0A01      	XORLW       1
0x00EE	0xE0EE      	BZ          L_Lcd_Out13
0x00F0	0x5078      	MOVF        FARG_Lcd_Out_row, 0 
0x00F2	0x0A02      	XORLW       2
0x00F4	0xE0EE      	BZ          L_Lcd_Out14
0x00F6	0x5078      	MOVF        FARG_Lcd_Out_row, 0 
0x00F8	0x0A03      	XORLW       3
0x00FA	0xE0EE      	BZ          L_Lcd_Out15
0x00FC	0x5078      	MOVF        FARG_Lcd_Out_row, 0 
0x00FE	0x0A04      	XORLW       4
0x0100	0xE0EE      	BZ          L_Lcd_Out16
0x0102	0xD7F0      	BRA         L_Lcd_Out17
L_Lcd_Out12:
;__Lib_Lcd.c,194 :: 		
0x0104	0x0479      	DECF        FARG_Lcd_Out_column, 0 
0x0106	0x6E00      	MOVWF       R0 
0x0108	0x5078      	MOVF        FARG_Lcd_Out_row, 0 
0x010A	0x2600      	ADDWF       R0, 1 
0x010C	0xF078C000  	MOVFF       R0, FARG_Lcd_Out_row
;__Lib_Lcd.c,196 :: 		
0x0110	0xF07EC000  	MOVFF       R0, FARG_Lcd_Cmd_out_char
0x0114	0xDF96      	RCALL       _Lcd_Cmd
;__Lib_Lcd.c,197 :: 		
0x0116	0x9046      	BCF         __Lib_Lcd_cmd_status, BitPos(__Lib_Lcd_cmd_status+0) 
;__Lib_Lcd.c,198 :: 		
0x0118	0x6A7C      	CLRF        Lcd_Out_i_L0 
;__Lib_Lcd.c,199 :: 		
L_Lcd_Out18:
0x011A	0x507C      	MOVF        Lcd_Out_i_L0, 0 
0x011C	0x247A      	ADDWF       FARG_Lcd_Out_text, 0 
0x011E	0x6EE9      	MOVWF       FSR0L 
0x0120	0x0E00      	MOVLW       0
0x0122	0x207B      	ADDWFC      FARG_Lcd_Out_text+1, 0 
0x0124	0x6EEA      	MOVWF       FSR0L+1 
0x0126	0x52EE      	MOVF        POSTINC0, 1 
0x0128	0xE00B      	BZ          L_Lcd_Out19
;__Lib_Lcd.c,200 :: 		
0x012A	0x507C      	MOVF        Lcd_Out_i_L0, 0 
0x012C	0x247A      	ADDWF       FARG_Lcd_Out_text, 0 
0x012E	0x6EE9      	MOVWF       FSR0L 
0x0130	0x0E00      	MOVLW       0
0x0132	0x207B      	ADDWFC      FARG_Lcd_Out_text+1, 0 
0x0134	0x6EEA      	MOVWF       FSR0L+1 
0x0136	0xF07DCFEE  	MOVFF       POSTINC0, FARG_Lcd_Chr_CP_out_char
0x013A	0xDFC1      	RCALL       _Lcd_Chr_CP
0x013C	0x2A7C      	INCF        Lcd_Out_i_L0, 1 
0x013E	0xD7ED      	BRA         L_Lcd_Out18
L_Lcd_Out19:
;__Lib_Lcd.c,201 :: 		
0x0140	0x8046      	BSF         __Lib_Lcd_cmd_status, BitPos(__Lib_Lcd_cmd_status+0) 
;__Lib_Lcd.c,202 :: 		
L_end_Lcd_Out:
0x0142	0x0012      	RETURN      0
; end of _Lcd_Out
_AlternarSaidas:
;LCDcomMenu.c,215 :: 		void AlternarSaidas( char valor )
;LCDcomMenu.c,217 :: 		PORTB.RC1 = ~PORTB.RC1;
0x0144	0x7281      	BTG         PORTB, 1 
;LCDcomMenu.c,218 :: 		}
L_end_AlternarSaidas:
0x0146	0x0012      	RETURN      0
; end of _AlternarSaidas
_Mul_16X16_U:
;__Lib_Math.c,440 :: 		
;__Lib_Math.c,447 :: 		
0x0148	0x6A0B      	CLRF        R11, 0
;__Lib_Math.c,448 :: 		
0x014A	0x6A0A      	CLRF        R10, 0
;__Lib_Math.c,449 :: 		
0x014C	0x6A09      	CLRF        R9, 0
;__Lib_Math.c,450 :: 		
0x014E	0x5000      	MOVF        R0, 0, 0
;__Lib_Math.c,451 :: 		
0x0150	0x0204      	MULWF       R4, 0
;__Lib_Math.c,453 :: 		
0x0152	0xF009CFF4  	MOVFF       PRODH, R9
;__Lib_Math.c,454 :: 		
0x0156	0xF008CFF3  	MOVFF       PRODL, R8
;__Lib_Math.c,455 :: 		
0x015A	0x5001      	MOVF        R1, 0, 0
;__Lib_Math.c,456 :: 		
0x015C	0x0205      	MULWF       R5, 0
;__Lib_Math.c,458 :: 		
0x015E	0xF00BCFF4  	MOVFF       PRODH, R11
;__Lib_Math.c,459 :: 		
0x0162	0xF00ACFF3  	MOVFF       PRODL, R10
;__Lib_Math.c,460 :: 		
0x0166	0x5000      	MOVF        R0, 0, 0
;__Lib_Math.c,461 :: 		
0x0168	0x0205      	MULWF       R5, 0
;__Lib_Math.c,463 :: 		
0x016A	0x50F3      	MOVF        PRODL, 0, 0
;__Lib_Math.c,464 :: 		
0x016C	0x2609      	ADDWF       R9, 1, 0
;__Lib_Math.c,465 :: 		
0x016E	0x50F4      	MOVF        PRODH, 0, 0
;__Lib_Math.c,466 :: 		
0x0170	0x220A      	ADDWFC      R10, 1, 0
;__Lib_Math.c,467 :: 		
0x0172	0x6AE8      	CLRF        WREG, 0
;__Lib_Math.c,468 :: 		
0x0174	0x220B      	ADDWFC      R11, 1, 0
;__Lib_Math.c,469 :: 		
0x0176	0x5001      	MOVF        R1, 0, 0
;__Lib_Math.c,470 :: 		
0x0178	0x0204      	MULWF       R4, 0
;__Lib_Math.c,472 :: 		
0x017A	0x50F3      	MOVF        PRODL, 0, 0
;__Lib_Math.c,473 :: 		
0x017C	0x2609      	ADDWF       R9, 1, 0
;__Lib_Math.c,474 :: 		
0x017E	0x50F4      	MOVF        PRODH, 0, 0
;__Lib_Math.c,475 :: 		
0x0180	0x220A      	ADDWFC      R10, 1, 0
;__Lib_Math.c,476 :: 		
0x0182	0x6AE8      	CLRF        WREG, 0
;__Lib_Math.c,477 :: 		
0x0184	0x220B      	ADDWFC      R11, 1, 0
;__Lib_Math.c,479 :: 		
0x0186	0xF000C008  	MOVFF       R8, R0
;__Lib_Math.c,480 :: 		
0x018A	0xF001C009  	MOVFF       R9, R1
;__Lib_Math.c,481 :: 		
0x018E	0xF002C00A  	MOVFF       R10, R2
;__Lib_Math.c,482 :: 		
0x0192	0xF003C00B  	MOVFF       R11, R3
;__Lib_Math.c,485 :: 		
L_end_Mul_16X16_U:
0x0196	0x0012      	RETURN      0
; end of _Mul_16X16_U
_LigarDesligar:
;LCDcomMenu.c,219 :: 		void LigarDesligar( char valor )
;LCDcomMenu.c,221 :: 		PORTB.RC1 = ~PORTB.RC1;
0x0198	0x7281      	BTG         PORTB, 1 
;LCDcomMenu.c,222 :: 		}
L_end_LigarDesligar:
0x019A	0x0012      	RETURN      0
; end of _LigarDesligar
_DefinirSaidas:
;LCDcomMenu.c,210 :: 		void DefinirSaidas( char valor )
;LCDcomMenu.c,212 :: 		PORTB.RC1 = valor;
0x019C	0xB075      	BTFSC       FARG_DefinirSaidas_valor, 0 
0x019E	0xD002      	BRA         L__DefinirSaidas40
0x01A0	0x9281      	BCF         PORTB, 1 
0x01A2	0xD001      	BRA         L__DefinirSaidas41
L__DefinirSaidas40:
0x01A4	0x8281      	BSF         PORTB, 1 
L__DefinirSaidas41:
;LCDcomMenu.c,213 :: 		}
L_end_DefinirSaidas:
0x01A6	0x0012      	RETURN      0
; end of _DefinirSaidas
_Granalha:
;LCDcomMenu.c,223 :: 		void Granalha( char valor)
;LCDcomMenu.c,225 :: 		Lcd_Cmd(_LCD_CLEAR);               // Clear display
0x01A8	0x0E01      	MOVLW       1
0x01AA	0x6E7E      	MOVWF       FARG_Lcd_Cmd_out_char 
0x01AC	0xDF4A      	RCALL       _Lcd_Cmd
;LCDcomMenu.c,226 :: 		Lcd_Cmd(_LCD_CURSOR_OFF);          // Cursor off
0x01AE	0x0E0C      	MOVLW       12
0x01B0	0x6E7E      	MOVWF       FARG_Lcd_Cmd_out_char 
0x01B2	0xDF47      	RCALL       _Lcd_Cmd
;LCDcomMenu.c,227 :: 		Lcd_Out(1,6,"df");                 // Write text in first row
0x01B4	0x0E01      	MOVLW       1
0x01B6	0x6E78      	MOVWF       FARG_Lcd_Out_row 
0x01B8	0x0E06      	MOVLW       6
0x01BA	0x6E79      	MOVWF       FARG_Lcd_Out_column 
0x01BC	0x0E15      	MOVLW       ?lstr1_LCDcomMenu
0x01BE	0x6E7A      	MOVWF       FARG_Lcd_Out_text 
0x01C0	0x0E00      	MOVLW       hi_addr(?lstr1_LCDcomMenu)
0x01C2	0x6E7B      	MOVWF       FARG_Lcd_Out_text+1 
0x01C4	0xDF82      	RCALL       _Lcd_Out
;LCDcomMenu.c,229 :: 		PORTC.RC2 = ~PORTC.RC2;
0x01C6	0x7482      	BTG         PORTC, 2 
;LCDcomMenu.c,230 :: 		}
L_end_Granalha:
0x01C8	0x0012      	RETURN      0
; end of _Granalha
_Lcd_Chr:
;__Lib_Lcd.c,65 :: 		
;__Lib_Lcd.c,66 :: 		
0x01CA	0xD00F      	BRA         L_Lcd_Chr4
;__Lib_Lcd.c,67 :: 		
L_Lcd_Chr6:
0x01CC	0x0E80      	MOVLW       128
0x01CE	0x6E75      	MOVWF       FARG_Lcd_Chr_row 
0x01D0	0xD019      	BRA         L_Lcd_Chr5
;__Lib_Lcd.c,68 :: 		
L_Lcd_Chr7:
0x01D2	0x0EC0      	MOVLW       192
0x01D4	0x6E75      	MOVWF       FARG_Lcd_Chr_row 
0x01D6	0xD016      	BRA         L_Lcd_Chr5
;__Lib_Lcd.c,69 :: 		
L_Lcd_Chr8:
0x01D8	0x0E94      	MOVLW       148
0x01DA	0x6E75      	MOVWF       FARG_Lcd_Chr_row 
0x01DC	0xD013      	BRA         L_Lcd_Chr5
;__Lib_Lcd.c,70 :: 		
L_Lcd_Chr9:
0x01DE	0x0ED4      	MOVLW       212
0x01E0	0x6E75      	MOVWF       FARG_Lcd_Chr_row 
0x01E2	0xD010      	BRA         L_Lcd_Chr5
;__Lib_Lcd.c,71 :: 		
L_Lcd_Chr10:
0x01E4	0x0E80      	MOVLW       128
0x01E6	0x6E75      	MOVWF       FARG_Lcd_Chr_row 
;__Lib_Lcd.c,72 :: 		
0x01E8	0xD00D      	BRA         L_Lcd_Chr5
L_Lcd_Chr4:
0x01EA	0x5075      	MOVF        FARG_Lcd_Chr_row, 0 
0x01EC	0x0A01      	XORLW       1
0x01EE	0xE0EE      	BZ          L_Lcd_Chr6
0x01F0	0x5075      	MOVF        FARG_Lcd_Chr_row, 0 
0x01F2	0x0A02      	XORLW       2
0x01F4	0xE0EE      	BZ          L_Lcd_Chr7
0x01F6	0x5075      	MOVF        FARG_Lcd_Chr_row, 0 
0x01F8	0x0A03      	XORLW       3
0x01FA	0xE0EE      	BZ          L_Lcd_Chr8
0x01FC	0x5075      	MOVF        FARG_Lcd_Chr_row, 0 
0x01FE	0x0A04      	XORLW       4
0x0200	0xE0EE      	BZ          L_Lcd_Chr9
0x0202	0xD7F0      	BRA         L_Lcd_Chr10
L_Lcd_Chr5:
;__Lib_Lcd.c,74 :: 		
0x0204	0x0476      	DECF        FARG_Lcd_Chr_column, 0 
0x0206	0x6E00      	MOVWF       R0 
0x0208	0x5075      	MOVF        FARG_Lcd_Chr_row, 0 
0x020A	0x2600      	ADDWF       R0, 1 
0x020C	0xF075C000  	MOVFF       R0, FARG_Lcd_Chr_row
;__Lib_Lcd.c,76 :: 		
0x0210	0x8046      	BSF         __Lib_Lcd_cmd_status, BitPos(__Lib_Lcd_cmd_status+0) 
;__Lib_Lcd.c,77 :: 		
0x0212	0xF07EC000  	MOVFF       R0, FARG_Lcd_Cmd_out_char
0x0216	0xDF15      	RCALL       _Lcd_Cmd
;__Lib_Lcd.c,79 :: 		
0x0218	0x9046      	BCF         __Lib_Lcd_cmd_status, BitPos(__Lib_Lcd_cmd_status+0) 
;__Lib_Lcd.c,80 :: 		
0x021A	0xF07EC077  	MOVFF       FARG_Lcd_Chr_out_char, FARG_Lcd_Cmd_out_char
0x021E	0xDF11      	RCALL       _Lcd_Cmd
;__Lib_Lcd.c,81 :: 		
0x0220	0x8046      	BSF         __Lib_Lcd_cmd_status, BitPos(__Lib_Lcd_cmd_status+0) 
;__Lib_Lcd.c,82 :: 		
L_end_Lcd_Chr:
0x0222	0x0012      	RETURN      0
; end of _Lcd_Chr
LCDcomMenu_LcdWriteFromROM:
;LCDcomMenu.c,109 :: 		static void LcdWriteFromROM( const char* texto )
;LCDcomMenu.c,111 :: 		while( *texto )
L_LCDcomMenu_LcdWriteFromROM7:
0x0224	0xFFF6C075  	MOVFF       FARG_LCDcomMenu_LcdWriteFromROM_texto, TBLPTRL
0x0228	0xFFF7C076  	MOVFF       FARG_LCDcomMenu_LcdWriteFromROM_texto+1, TBLPTRH
0x022C	0xFFF8C077  	MOVFF       FARG_LCDcomMenu_LcdWriteFromROM_texto+2, TBLPTRU
0x0230	0x0009      	TBLRD*+
0x0232	0xF000CFF5  	MOVFF       TABLAT, R0
0x0236	0x5200      	MOVF        R0, 1 
0x0238	0xE010      	BZ          L_LCDcomMenu_LcdWriteFromROM8
;LCDcomMenu.c,113 :: 		Lcd_Chr_CP( *texto++ );
0x023A	0xFFF6C075  	MOVFF       FARG_LCDcomMenu_LcdWriteFromROM_texto, TBLPTRL
0x023E	0xFFF7C076  	MOVFF       FARG_LCDcomMenu_LcdWriteFromROM_texto+1, TBLPTRH
0x0242	0xFFF8C077  	MOVFF       FARG_LCDcomMenu_LcdWriteFromROM_texto+2, TBLPTRU
0x0246	0x0009      	TBLRD*+
0x0248	0xF07DCFF5  	MOVFF       TABLAT, FARG_Lcd_Chr_CP_out_char
0x024C	0xDF38      	RCALL       _Lcd_Chr_CP
0x024E	0x0E01      	MOVLW       1
0x0250	0x2675      	ADDWF       FARG_LCDcomMenu_LcdWriteFromROM_texto, 1 
0x0252	0x0E00      	MOVLW       0
0x0254	0x2276      	ADDWFC      FARG_LCDcomMenu_LcdWriteFromROM_texto+1, 1 
0x0256	0x2277      	ADDWFC      FARG_LCDcomMenu_LcdWriteFromROM_texto+2, 1 
;LCDcomMenu.c,114 :: 		}
0x0258	0xD7E5      	BRA         L_LCDcomMenu_LcdWriteFromROM7
L_LCDcomMenu_LcdWriteFromROM8:
;LCDcomMenu.c,115 :: 		}
L_end_LcdWriteFromROM:
0x025A	0x0012      	RETURN      0
; end of LCDcomMenu_LcdWriteFromROM
LCDcomMenu_MostrarItens:
;LCDcomMenu.c,86 :: 		static char MostrarItens( const Item* menu[], char sel )
;LCDcomMenu.c,88 :: 		char index = 0, row = 1;
0x025C	0x6A73      	CLRF        LCDcomMenu_MostrarItens_index_L0 
0x025E	0x0E01      	MOVLW       1
0x0260	0x6E74      	MOVWF       LCDcomMenu_MostrarItens_row_L0 
;LCDcomMenu.c,90 :: 		Lcd_Cmd( _LCD_CLEAR );
0x0262	0x0E01      	MOVLW       1
0x0264	0x6E7E      	MOVWF       FARG_Lcd_Cmd_out_char 
0x0266	0xDEED      	RCALL       _Lcd_Cmd
;LCDcomMenu.c,92 :: 		if( menu == 0 )
0x0268	0x0E00      	MOVLW       0
0x026A	0x1871      	XORWF       FARG_LCDcomMenu_MostrarItens_menu+1, 0 
0x026C	0xE102      	BNZ         L_LCDcomMenu_MostrarItens33
0x026E	0x0E00      	MOVLW       0
0x0270	0x1870      	XORWF       FARG_LCDcomMenu_MostrarItens_menu, 0 
L_LCDcomMenu_MostrarItens33:
0x0272	0xE102      	BNZ         L_LCDcomMenu_MostrarItens0
;LCDcomMenu.c,93 :: 		return 0;
0x0274	0x6A00      	CLRF        R0 
0x0276	0xD04D      	BRA         L_end_MostrarItens
L_LCDcomMenu_MostrarItens0:
;LCDcomMenu.c,95 :: 		while( menu[index] )
L_LCDcomMenu_MostrarItens1:
0x0278	0x0E03      	MOVLW       3
0x027A	0x6E00      	MOVWF       R0 
0x027C	0x0E00      	MOVLW       0
0x027E	0x6E01      	MOVWF       R1 
0x0280	0xF004C073  	MOVFF       LCDcomMenu_MostrarItens_index_L0, R4
0x0284	0x0E00      	MOVLW       0
0x0286	0x6E05      	MOVWF       R5 
0x0288	0xDF5F      	RCALL       _Mul_16X16_U
0x028A	0x5000      	MOVF        R0, 0 
0x028C	0x2470      	ADDWF       FARG_LCDcomMenu_MostrarItens_menu, 0 
0x028E	0x6EE9      	MOVWF       FSR0L 
0x0290	0x5001      	MOVF        R1, 0 
0x0292	0x2071      	ADDWFC      FARG_LCDcomMenu_MostrarItens_menu+1, 0 
0x0294	0x6EEA      	MOVWF       FSR0L+1 
0x0296	0x50EE      	MOVF        POSTINC0, 0 
0x0298	0x10EE      	IORWF       POSTINC0, 0 
0x029A	0x10EE      	IORWF       POSTINC0, 0 
0x029C	0xE033      	BZ          L_LCDcomMenu_MostrarItens2
;LCDcomMenu.c,97 :: 		if( index < sel ) { index++; continue; }
0x029E	0x5072      	MOVF        FARG_LCDcomMenu_MostrarItens_sel, 0 
0x02A0	0x5C73      	SUBWF       LCDcomMenu_MostrarItens_index_L0, 0 
0x02A2	0xE202      	BC          L_LCDcomMenu_MostrarItens3
0x02A4	0x2A73      	INCF        LCDcomMenu_MostrarItens_index_L0, 1 
0x02A6	0xD7E8      	BRA         L_LCDcomMenu_MostrarItens1
L_LCDcomMenu_MostrarItens3:
;LCDcomMenu.c,98 :: 		if( index == sel ) Lcd_Chr( row, 1, '>' );
0x02A8	0x5073      	MOVF        LCDcomMenu_MostrarItens_index_L0, 0 
0x02AA	0x1872      	XORWF       FARG_LCDcomMenu_MostrarItens_sel, 0 
0x02AC	0xE108      	BNZ         L_LCDcomMenu_MostrarItens4
0x02AE	0xF075C074  	MOVFF       LCDcomMenu_MostrarItens_row_L0, FARG_Lcd_Chr_row
0x02B2	0x0E01      	MOVLW       1
0x02B4	0x6E76      	MOVWF       FARG_Lcd_Chr_column 
0x02B6	0x0E3E      	MOVLW       62
0x02B8	0x6E77      	MOVWF       FARG_Lcd_Chr_out_char 
0x02BA	0xDF87      	RCALL       _Lcd_Chr
0x02BC	0xD007      	BRA         L_LCDcomMenu_MostrarItens5
L_LCDcomMenu_MostrarItens4:
;LCDcomMenu.c,99 :: 		else Lcd_Chr( row, 1, ' ' );
0x02BE	0xF075C074  	MOVFF       LCDcomMenu_MostrarItens_row_L0, FARG_Lcd_Chr_row
0x02C2	0x0E01      	MOVLW       1
0x02C4	0x6E76      	MOVWF       FARG_Lcd_Chr_column 
0x02C6	0x0E20      	MOVLW       32
0x02C8	0x6E77      	MOVWF       FARG_Lcd_Chr_out_char 
0x02CA	0xDF7F      	RCALL       _Lcd_Chr
L_LCDcomMenu_MostrarItens5:
;LCDcomMenu.c,100 :: 		row++;
0x02CC	0x2A74      	INCF        LCDcomMenu_MostrarItens_row_L0, 1 
;LCDcomMenu.c,101 :: 		LcdWriteFromROM( menu[index++]->Texto );
0x02CE	0x0E03      	MOVLW       3
0x02D0	0x6E00      	MOVWF       R0 
0x02D2	0x0E00      	MOVLW       0
0x02D4	0x6E01      	MOVWF       R1 
0x02D6	0xF004C073  	MOVFF       LCDcomMenu_MostrarItens_index_L0, R4
0x02DA	0x0E00      	MOVLW       0
0x02DC	0x6E05      	MOVWF       R5 
0x02DE	0xDF34      	RCALL       _Mul_16X16_U
0x02E0	0x5000      	MOVF        R0, 0 
0x02E2	0x2470      	ADDWF       FARG_LCDcomMenu_MostrarItens_menu, 0 
0x02E4	0x6EE9      	MOVWF       FSR0L 
0x02E6	0x5001      	MOVF        R1, 0 
0x02E8	0x2071      	ADDWFC      FARG_LCDcomMenu_MostrarItens_menu+1, 0 
0x02EA	0x6EEA      	MOVWF       FSR0L+1 
0x02EC	0x0E02      	MOVLW       2
0x02EE	0x24EE      	ADDWF       POSTINC0, 0 
0x02F0	0x6E75      	MOVWF       FARG_LCDcomMenu_LcdWriteFromROM_texto 
0x02F2	0x0E00      	MOVLW       0
0x02F4	0x20EE      	ADDWFC      POSTINC0, 0 
0x02F6	0x6E76      	MOVWF       FARG_LCDcomMenu_LcdWriteFromROM_texto+1 
0x02F8	0x0E00      	MOVLW       0
0x02FA	0x20EE      	ADDWFC      POSTINC0, 0 
0x02FC	0x6E77      	MOVWF       FARG_LCDcomMenu_LcdWriteFromROM_texto+2 
0x02FE	0xDF92      	RCALL       LCDcomMenu_LcdWriteFromROM
0x0300	0x2A73      	INCF        LCDcomMenu_MostrarItens_index_L0, 1 
;LCDcomMenu.c,102 :: 		}
0x0302	0xD7BA      	BRA         L_LCDcomMenu_MostrarItens1
L_LCDcomMenu_MostrarItens2:
;LCDcomMenu.c,104 :: 		if( index <= sel )
0x0304	0x5073      	MOVF        LCDcomMenu_MostrarItens_index_L0, 0 
0x0306	0x5C72      	SUBWF       FARG_LCDcomMenu_MostrarItens_sel, 0 
0x0308	0xE303      	BNC         L_LCDcomMenu_MostrarItens6
;LCDcomMenu.c,105 :: 		return 1;
0x030A	0x0E01      	MOVLW       1
0x030C	0x6E00      	MOVWF       R0 
0x030E	0xD001      	BRA         L_end_MostrarItens
L_LCDcomMenu_MostrarItens6:
;LCDcomMenu.c,106 :: 		return 0;
0x0310	0x6A00      	CLRF        R0 
;LCDcomMenu.c,107 :: 		}
L_end_MostrarItens:
0x0312	0x0012      	RETURN      0
; end of LCDcomMenu_MostrarItens
_Lcd_Init:
;__Lib_Lcd.c,84 :: 		
;__Lib_Lcd.c,86 :: 		
0x0314	0x9296      	BCF         LCD_EN_Direction, BitPos(LCD_EN_Direction+0) 
;__Lib_Lcd.c,87 :: 		
0x0316	0x9096      	BCF         LCD_RS_Direction, BitPos(LCD_RS_Direction+0) 
;__Lib_Lcd.c,88 :: 		
0x0318	0x9895      	BCF         LCD_D4_Direction, BitPos(LCD_D4_Direction+0) 
;__Lib_Lcd.c,89 :: 		
0x031A	0x9A95      	BCF         LCD_D5_Direction, BitPos(LCD_D5_Direction+0) 
;__Lib_Lcd.c,90 :: 		
0x031C	0x9C95      	BCF         LCD_D6_Direction, BitPos(LCD_D6_Direction+0) 
;__Lib_Lcd.c,91 :: 		
0x031E	0x9E95      	BCF         LCD_D7_Direction, BitPos(LCD_D7_Direction+0) 
;__Lib_Lcd.c,93 :: 		
0x0320	0x9284      	BCF         LCD_EN, BitPos(LCD_EN+0) 
;__Lib_Lcd.c,94 :: 		
0x0322	0x9084      	BCF         LCD_RS, BitPos(LCD_RS+0) 
;__Lib_Lcd.c,95 :: 		
0x0324	0x9E83      	BCF         LCD_D7, BitPos(LCD_D7+0) 
;__Lib_Lcd.c,96 :: 		
0x0326	0x9C83      	BCF         LCD_D6, BitPos(LCD_D6+0) 
;__Lib_Lcd.c,97 :: 		
0x0328	0x9A83      	BCF         LCD_D5, BitPos(LCD_D5+0) 
;__Lib_Lcd.c,98 :: 		
0x032A	0x9883      	BCF         LCD_D4, BitPos(LCD_D4+0) 
;__Lib_Lcd.c,100 :: 		
0x032C	0xDE7C      	RCALL       _Delay_5500us
;__Lib_Lcd.c,101 :: 		
0x032E	0xDE7B      	RCALL       _Delay_5500us
;__Lib_Lcd.c,102 :: 		
0x0330	0xDE7A      	RCALL       _Delay_5500us
;__Lib_Lcd.c,105 :: 		
0x0332	0x8A83      	BSF         LCD_D5, BitPos(LCD_D5+0) 
;__Lib_Lcd.c,106 :: 		
0x0334	0x8883      	BSF         LCD_D4, BitPos(LCD_D4+0) 
;__Lib_Lcd.c,107 :: 		
0x0336	0x8284      	BSF         LCD_EN, BitPos(LCD_EN+0) 
;__Lib_Lcd.c,108 :: 		
0x0338	0xDE81      	RCALL       _Delay_1us
;__Lib_Lcd.c,109 :: 		
0x033A	0x9284      	BCF         LCD_EN, BitPos(LCD_EN+0) 
;__Lib_Lcd.c,110 :: 		
0x033C	0xDE74      	RCALL       _Delay_5500us
;__Lib_Lcd.c,112 :: 		
0x033E	0x8284      	BSF         LCD_EN, BitPos(LCD_EN+0) 
;__Lib_Lcd.c,113 :: 		
0x0340	0xDE7D      	RCALL       _Delay_1us
;__Lib_Lcd.c,114 :: 		
0x0342	0x9284      	BCF         LCD_EN, BitPos(LCD_EN+0) 
;__Lib_Lcd.c,115 :: 		
0x0344	0xDE70      	RCALL       _Delay_5500us
;__Lib_Lcd.c,117 :: 		
0x0346	0x8284      	BSF         LCD_EN, BitPos(LCD_EN+0) 
;__Lib_Lcd.c,118 :: 		
0x0348	0xDE79      	RCALL       _Delay_1us
;__Lib_Lcd.c,119 :: 		
0x034A	0x9284      	BCF         LCD_EN, BitPos(LCD_EN+0) 
;__Lib_Lcd.c,120 :: 		
0x034C	0xDE6C      	RCALL       _Delay_5500us
;__Lib_Lcd.c,123 :: 		
0x034E	0x9883      	BCF         LCD_D4, BitPos(LCD_D4+0) 
;__Lib_Lcd.c,124 :: 		
0x0350	0x8284      	BSF         LCD_EN, BitPos(LCD_EN+0) 
;__Lib_Lcd.c,125 :: 		
0x0352	0xDE74      	RCALL       _Delay_1us
;__Lib_Lcd.c,126 :: 		
0x0354	0x9284      	BCF         LCD_EN, BitPos(LCD_EN+0) 
;__Lib_Lcd.c,127 :: 		
0x0356	0xDE67      	RCALL       _Delay_5500us
;__Lib_Lcd.c,130 :: 		
0x0358	0x8284      	BSF         LCD_EN, BitPos(LCD_EN+0) 
;__Lib_Lcd.c,131 :: 		
0x035A	0xDE70      	RCALL       _Delay_1us
;__Lib_Lcd.c,132 :: 		
0x035C	0x9284      	BCF         LCD_EN, BitPos(LCD_EN+0) 
;__Lib_Lcd.c,134 :: 		
0x035E	0x9A83      	BCF         LCD_D5, BitPos(LCD_D5+0) 
;__Lib_Lcd.c,135 :: 		
0x0360	0x8E83      	BSF         LCD_D7, BitPos(LCD_D7+0) 
;__Lib_Lcd.c,136 :: 		
0x0362	0x8284      	BSF         LCD_EN, BitPos(LCD_EN+0) 
;__Lib_Lcd.c,137 :: 		
0x0364	0xDE6B      	RCALL       _Delay_1us
;__Lib_Lcd.c,138 :: 		
0x0366	0x9284      	BCF         LCD_EN, BitPos(LCD_EN+0) 
;__Lib_Lcd.c,139 :: 		
0x0368	0xDE5E      	RCALL       _Delay_5500us
;__Lib_Lcd.c,142 :: 		
0x036A	0x9E83      	BCF         LCD_D7, BitPos(LCD_D7+0) 
;__Lib_Lcd.c,143 :: 		
0x036C	0x8883      	BSF         LCD_D4, BitPos(LCD_D4+0) 
;__Lib_Lcd.c,144 :: 		
0x036E	0x8284      	BSF         LCD_EN, BitPos(LCD_EN+0) 
;__Lib_Lcd.c,145 :: 		
0x0370	0xDE65      	RCALL       _Delay_1us
;__Lib_Lcd.c,146 :: 		
0x0372	0x9284      	BCF         LCD_EN, BitPos(LCD_EN+0) 
;__Lib_Lcd.c,148 :: 		
0x0374	0x9883      	BCF         LCD_D4, BitPos(LCD_D4+0) 
;__Lib_Lcd.c,149 :: 		
0x0376	0x8284      	BSF         LCD_EN, BitPos(LCD_EN+0) 
;__Lib_Lcd.c,150 :: 		
0x0378	0xDE61      	RCALL       _Delay_1us
;__Lib_Lcd.c,151 :: 		
0x037A	0x9284      	BCF         LCD_EN, BitPos(LCD_EN+0) 
;__Lib_Lcd.c,152 :: 		
0x037C	0xDE54      	RCALL       _Delay_5500us
;__Lib_Lcd.c,155 :: 		
0x037E	0x8284      	BSF         LCD_EN, BitPos(LCD_EN+0) 
;__Lib_Lcd.c,156 :: 		
0x0380	0xDE5D      	RCALL       _Delay_1us
;__Lib_Lcd.c,157 :: 		
0x0382	0x9284      	BCF         LCD_EN, BitPos(LCD_EN+0) 
;__Lib_Lcd.c,159 :: 		
0x0384	0x8883      	BSF         LCD_D4, BitPos(LCD_D4+0) 
;__Lib_Lcd.c,160 :: 		
0x0386	0x8284      	BSF         LCD_EN, BitPos(LCD_EN+0) 
;__Lib_Lcd.c,161 :: 		
0x0388	0xDE59      	RCALL       _Delay_1us
;__Lib_Lcd.c,162 :: 		
0x038A	0x9284      	BCF         LCD_EN, BitPos(LCD_EN+0) 
;__Lib_Lcd.c,163 :: 		
0x038C	0xDE4C      	RCALL       _Delay_5500us
;__Lib_Lcd.c,166 :: 		
0x038E	0x9883      	BCF         LCD_D4, BitPos(LCD_D4+0) 
;__Lib_Lcd.c,167 :: 		
0x0390	0x8284      	BSF         LCD_EN, BitPos(LCD_EN+0) 
;__Lib_Lcd.c,168 :: 		
0x0392	0xDE54      	RCALL       _Delay_1us
;__Lib_Lcd.c,169 :: 		
0x0394	0x9284      	BCF         LCD_EN, BitPos(LCD_EN+0) 
;__Lib_Lcd.c,171 :: 		
0x0396	0x8E83      	BSF         LCD_D7, BitPos(LCD_D7+0) 
;__Lib_Lcd.c,172 :: 		
0x0398	0x8C83      	BSF         LCD_D6, BitPos(LCD_D6+0) 
;__Lib_Lcd.c,173 :: 		
0x039A	0x8A83      	BSF         LCD_D5, BitPos(LCD_D5+0) 
;__Lib_Lcd.c,174 :: 		
0x039C	0x8883      	BSF         LCD_D4, BitPos(LCD_D4+0) 
;__Lib_Lcd.c,175 :: 		
0x039E	0x8284      	BSF         LCD_EN, BitPos(LCD_EN+0) 
;__Lib_Lcd.c,176 :: 		
0x03A0	0xDE4D      	RCALL       _Delay_1us
;__Lib_Lcd.c,177 :: 		
0x03A2	0x9284      	BCF         LCD_EN, BitPos(LCD_EN+0) 
;__Lib_Lcd.c,179 :: 		
0x03A4	0xDE40      	RCALL       _Delay_5500us
;__Lib_Lcd.c,181 :: 		
0x03A6	0x8046      	BSF         __Lib_Lcd_cmd_status, BitPos(__Lib_Lcd_cmd_status+0) 
;__Lib_Lcd.c,182 :: 		
L_end_Lcd_Init:
0x03A8	0x0012      	RETURN      0
; end of _Lcd_Init
_____DoIFC:
;__Lib_System.c,93 :: 		
;__Lib_System.c,94 :: 		
0x03AA	0x50F2      	MOVF        INTCON, 0, 0
;__Lib_System.c,95 :: 		
0x03AC	0x6E02      	MOVWF       R2, 0
;__Lib_System.c,96 :: 		
0x03AE	0x9EF2      	BCF         INTCON, 7 
;__Lib_System.c,97 :: 		
0x03B0	0x0005      	PUSH
;__Lib_System.c,98 :: 		
0x03B2	0x6AFF      	CLRF        TOSU, 0
;__Lib_System.c,99 :: 		
0x03B4	0x5001      	MOVF        R1, 0, 0
;__Lib_System.c,100 :: 		
0x03B6	0x6EFE      	MOVWF       TOSH, 0
;__Lib_System.c,101 :: 		
0x03B8	0x5000      	MOVF        R0, 0, 0
;__Lib_System.c,102 :: 		
0x03BA	0x6EFD      	MOVWF       TOSL, 0
;__Lib_System.c,103 :: 		
0x03BC	0xBE02      	BTFSC       R2, 7, 0
;__Lib_System.c,104 :: 		
0x03BE	0x8EF2      	BSF         INTCON, 7, 0
;__Lib_System.c,105 :: 		
;__Lib_System.c,107 :: 		
L_end_____DoIFC:
0x03C0	0x0012      	RETURN      0
; end of _____DoIFC
___CC2DW:
;__Lib_System.c,21 :: 		
;__Lib_System.c,23 :: 		
_CC2DL_Loop1:
;__Lib_System.c,24 :: 		
0x03C2	0x0009      	TBLRD*+
;__Lib_System.c,25 :: 		
0x03C4	0xFFE6CFF5  	MOVFF       TABLAT, POSTINC1
;__Lib_System.c,26 :: 		
0x03C8	0x0600      	DECF        R0, 1, 0
;__Lib_System.c,27 :: 		
0x03CA	0xE1FB      	BNZ         _CC2DL_Loop1
;__Lib_System.c,28 :: 		
0x03CC	0x0601      	DECF        R1, 1, 0
;__Lib_System.c,29 :: 		
0x03CE	0xE1F9      	BNZ         _CC2DL_Loop1
;__Lib_System.c,31 :: 		
L_end___CC2DW:
0x03D0	0x0012      	RETURN      0
; end of ___CC2DW
_main:
0x03D2	0xF003ECC1  	CALL        1922, 0
;LCDcomMenu.c,119 :: 		void main()
;LCDcomMenu.c,121 :: 		char flags = 0; //flags dos botoes
0x03D6	0x6A6F      	CLRF        main_flags_L0 
;LCDcomMenu.c,123 :: 		CMCON = 7;
0x03D8	0x0E07      	MOVLW       7
0x03DA	0x6EB4      	MOVWF       CMCON 
;LCDcomMenu.c,124 :: 		ADCON1 = 15;
0x03DC	0x0E0F      	MOVLW       15
0x03DE	0x6EC1      	MOVWF       ADCON1 
;LCDcomMenu.c,126 :: 		TRISA = 0xFF; // PORTA is input
0x03E0	0x0EFF      	MOVLW       255
0x03E2	0x6E92      	MOVWF       TRISA 
;LCDcomMenu.c,127 :: 		TRISC = 1;    // PORTC is output
0x03E4	0x0E01      	MOVLW       1
0x03E6	0x6E94      	MOVWF       TRISC 
;LCDcomMenu.c,128 :: 		TRISB = 1;    // PORTB is output
0x03E8	0x0E01      	MOVLW       1
0x03EA	0x6E93      	MOVWF       TRISB 
;LCDcomMenu.c,129 :: 		PORTB = 0;
0x03EC	0x6A81      	CLRF        PORTB 
;LCDcomMenu.c,130 :: 		TRISE = 0x00;
0x03EE	0x6A96      	CLRF        TRISE 
;LCDcomMenu.c,131 :: 		PORTC = 0;
0x03F0	0x6A82      	CLRF        PORTC 
;LCDcomMenu.c,133 :: 		Lcd_Init();
0x03F2	0xDF90      	RCALL       _Lcd_Init
;LCDcomMenu.c,134 :: 		Lcd_Cmd( _LCD_CURSOR_OFF );
0x03F4	0x0E0C      	MOVLW       12
0x03F6	0x6E7E      	MOVWF       FARG_Lcd_Cmd_out_char 
0x03F8	0xDE24      	RCALL       _Lcd_Cmd
;LCDcomMenu.c,136 :: 		MenuAtual = TelaInicial; //A tela atual = tela inicial
0x03FA	0x0E3D      	MOVLW       _TelaInicial
0x03FC	0x6E69      	MOVWF       LCDcomMenu_MenuAtual 
0x03FE	0x0E00      	MOVLW       hi_addr(_TelaInicial)
0x0400	0x6E6A      	MOVWF       LCDcomMenu_MenuAtual+1 
;LCDcomMenu.c,137 :: 		MenuAnterior = &Stack;   //Aponta para a pilha
0x0402	0x0E49      	MOVLW       LCDcomMenu_Stack
0x0404	0x6E47      	MOVWF       LCDcomMenu_MenuAnterior 
0x0406	0x0E00      	MOVLW       hi_addr(LCDcomMenu_Stack)
0x0408	0x6E48      	MOVWF       LCDcomMenu_MenuAnterior+1 
;LCDcomMenu.c,139 :: 		MostrarItens( MenuAtual, selecao ); //Exibe os itens
0x040A	0xF070C069  	MOVFF       LCDcomMenu_MenuAtual, FARG_LCDcomMenu_MostrarItens_menu
0x040E	0xF071C06A  	MOVFF       LCDcomMenu_MenuAtual+1, FARG_LCDcomMenu_MostrarItens_menu+1
0x0412	0xF072C03C  	MOVFF       LCDcomMenu_selecao, FARG_LCDcomMenu_MostrarItens_sel
0x0416	0xDF22      	RCALL       LCDcomMenu_MostrarItens
;LCDcomMenu.c,141 :: 		while( 1 )
L_main9:
;LCDcomMenu.c,143 :: 		if( btnProximo ) flags.B0 = 1;
0x0418	0xA081      	BTFSS       PORTB, 0 
0x041A	0xD002      	BRA         L_main11
0x041C	0x806F      	BSF         main_flags_L0, 0 
0x041E	0xD006      	BRA         L_main12
L_main11:
;LCDcomMenu.c,144 :: 		else if( btnEnter ) flags.B1 = 1;
0x0420	0xA082      	BTFSS       PORTC, 0 
0x0422	0xD002      	BRA         L_main13
0x0424	0x826F      	BSF         main_flags_L0, 1 
0x0426	0xD002      	BRA         L_main14
L_main13:
;LCDcomMenu.c,145 :: 		else if( btnVoltar ) flags.B2 = 1;
0x0428	0xB880      	BTFSC       PORTA, 4 
0x042A	0x846F      	BSF         main_flags_L0, 2 
L_main15:
L_main14:
L_main12:
;LCDcomMenu.c,148 :: 		if( !btnProximo && flags.B0 )
0x042C	0xB081      	BTFSC       PORTB, 0 
0x042E	0xD014      	BRA         L_main18
0x0430	0xA06F      	BTFSS       main_flags_L0, 0 
0x0432	0xD012      	BRA         L_main18
L__main31:
;LCDcomMenu.c,150 :: 		++selecao; //seleciona o proximo item
0x0434	0x2A3C      	INCF        LCDcomMenu_selecao, 1 
;LCDcomMenu.c,154 :: 		if( MostrarItens( MenuAtual, selecao ).B0 )
0x0436	0xF070C069  	MOVFF       LCDcomMenu_MenuAtual, FARG_LCDcomMenu_MostrarItens_menu
0x043A	0xF071C06A  	MOVFF       LCDcomMenu_MenuAtual+1, FARG_LCDcomMenu_MostrarItens_menu+1
0x043E	0xF072C03C  	MOVFF       LCDcomMenu_selecao, FARG_LCDcomMenu_MostrarItens_sel
0x0442	0xDF0C      	RCALL       LCDcomMenu_MostrarItens
0x0444	0xA000      	BTFSS       R0, 0 
0x0446	0xD007      	BRA         L_main19
;LCDcomMenu.c,156 :: 		selecao = 0;
0x0448	0x6A3C      	CLRF        LCDcomMenu_selecao 
;LCDcomMenu.c,157 :: 		MostrarItens( MenuAtual, selecao );
0x044A	0xF070C069  	MOVFF       LCDcomMenu_MenuAtual, FARG_LCDcomMenu_MostrarItens_menu
0x044E	0xF071C06A  	MOVFF       LCDcomMenu_MenuAtual+1, FARG_LCDcomMenu_MostrarItens_menu+1
0x0452	0x6A72      	CLRF        FARG_LCDcomMenu_MostrarItens_sel 
0x0454	0xDF03      	RCALL       LCDcomMenu_MostrarItens
;LCDcomMenu.c,158 :: 		}
L_main19:
;LCDcomMenu.c,159 :: 		flags.B0 = 0;
0x0456	0x906F      	BCF         main_flags_L0, 0 
;LCDcomMenu.c,160 :: 		}
L_main18:
;LCDcomMenu.c,163 :: 		if( !btnEnter && flags.B1 )
0x0458	0xB082      	BTFSC       PORTC, 0 
0x045A	0xD0C1      	BRA         L_main22
0x045C	0xA26F      	BTFSS       main_flags_L0, 1 
0x045E	0xD0BF      	BRA         L_main22
L__main30:
;LCDcomMenu.c,166 :: 		void(*Func)(char) = MenuAtual[selecao]->Tarefa;
0x0460	0x0E03      	MOVLW       3
0x0462	0x6E00      	MOVWF       R0 
0x0464	0x0E00      	MOVLW       0
0x0466	0x6E01      	MOVWF       R1 
0x0468	0xF004C03C  	MOVFF       LCDcomMenu_selecao, R4
0x046C	0x0E00      	MOVLW       0
0x046E	0x6E05      	MOVWF       R5 
0x0470	0xDE6B      	RCALL       _Mul_16X16_U
0x0472	0x5000      	MOVF        R0, 0 
0x0474	0x2469      	ADDWF       LCDcomMenu_MenuAtual, 0 
0x0476	0x6EE9      	MOVWF       FSR0L 
0x0478	0x5001      	MOVF        R1, 0 
0x047A	0x206A      	ADDWFC      LCDcomMenu_MenuAtual+1, 0 
0x047C	0x6EEA      	MOVWF       FSR0L+1 
0x047E	0x0E12      	MOVLW       18
0x0480	0x24EE      	ADDWF       POSTINC0, 0 
0x0482	0x6EF6      	MOVWF       TBLPTR 
0x0484	0x0E00      	MOVLW       0
0x0486	0x20EE      	ADDWFC      POSTINC0, 0 
0x0488	0x6EF7      	MOVWF       TBLPTR+1 
0x048A	0x0E00      	MOVLW       0
0x048C	0x20EE      	ADDWFC      POSTINC0, 0 
0x048E	0x6EF8      	MOVWF       TBLPTR+2 
0x0490	0x0009      	TBLRD*+
0x0492	0xF001CFF5  	MOVFF       TABLAT, R1
0x0496	0x0009      	TBLRD*+
0x0498	0xF002CFF5  	MOVFF       TABLAT, R2
0x049C	0x0009      	TBLRD*+
0x049E	0xF003CFF5  	MOVFF       TABLAT, R3
0x04A2	0x0009      	TBLRD*+
0x04A4	0xF004CFF5  	MOVFF       TABLAT, R4
0x04A8	0xF06BC001  	MOVFF       R1, main_Func_L2
0x04AC	0xF06CC002  	MOVFF       R2, main_Func_L2+1
0x04B0	0xF06DC003  	MOVFF       R3, main_Func_L2+2
0x04B4	0xF06EC004  	MOVFF       R4, main_Func_L2+3
;LCDcomMenu.c,170 :: 		if( Func != NULL )
0x04B8	0x0E00      	MOVLW       0
0x04BA	0x6E00      	MOVWF       R0 
0x04BC	0x1804      	XORWF       R4, 0 
0x04BE	0xE108      	BNZ         L__main36
0x04C0	0x5000      	MOVF        R0, 0 
0x04C2	0x1803      	XORWF       R3, 0 
0x04C4	0xE105      	BNZ         L__main36
0x04C6	0x5000      	MOVF        R0, 0 
0x04C8	0x1802      	XORWF       R2, 0 
0x04CA	0xE102      	BNZ         L__main36
0x04CC	0x5001      	MOVF        R1, 0 
0x04CE	0x0A00      	XORLW       0
L__main36:
0x04D0	0xE026      	BZ          L_main23
;LCDcomMenu.c,173 :: 		Func( MenuAtual[selecao]->Parms );
0x04D2	0x0E03      	MOVLW       3
0x04D4	0x6E00      	MOVWF       R0 
0x04D6	0x0E00      	MOVLW       0
0x04D8	0x6E01      	MOVWF       R1 
0x04DA	0xF004C03C  	MOVFF       LCDcomMenu_selecao, R4
0x04DE	0x0E00      	MOVLW       0
0x04E0	0x6E05      	MOVWF       R5 
0x04E2	0xDE32      	RCALL       _Mul_16X16_U
0x04E4	0x5000      	MOVF        R0, 0 
0x04E6	0x2469      	ADDWF       LCDcomMenu_MenuAtual, 0 
0x04E8	0x6EE9      	MOVWF       FSR0L 
0x04EA	0x5001      	MOVF        R1, 0 
0x04EC	0x206A      	ADDWFC      LCDcomMenu_MenuAtual+1, 0 
0x04EE	0x6EEA      	MOVWF       FSR0L+1 
0x04F0	0x0E16      	MOVLW       22
0x04F2	0x24EE      	ADDWF       POSTINC0, 0 
0x04F4	0x6EF6      	MOVWF       TBLPTR 
0x04F6	0x0E00      	MOVLW       0
0x04F8	0x20EE      	ADDWFC      POSTINC0, 0 
0x04FA	0x6EF7      	MOVWF       TBLPTR+1 
0x04FC	0x0E00      	MOVLW       0
0x04FE	0x20EE      	ADDWFC      POSTINC0, 0 
0x0500	0x6EF8      	MOVWF       TBLPTR+2 
0x0502	0xFFE1C06D  	MOVFF       main_Func_L2+2, FSR1
0x0506	0xFFE2C06E  	MOVFF       main_Func_L2+3, FSR1+1
0x050A	0x0009      	TBLRD*+
0x050C	0xF000CFF5  	MOVFF       TABLAT, R0
0x0510	0xFFE6C000  	MOVFF       R0, POSTINC1
0x0514	0xF000C06B  	MOVFF       main_Func_L2, R0
0x0518	0xF001C06C  	MOVFF       main_Func_L2+1, R1
0x051C	0xDF46      	RCALL       _____DoIFC
;LCDcomMenu.c,174 :: 		}
L_main23:
;LCDcomMenu.c,177 :: 		if( MenuAtual[selecao]->mItem != NULL )
0x051E	0x0E03      	MOVLW       3
0x0520	0x6E00      	MOVWF       R0 
0x0522	0x0E00      	MOVLW       0
0x0524	0x6E01      	MOVWF       R1 
0x0526	0xF004C03C  	MOVFF       LCDcomMenu_selecao, R4
0x052A	0x0E00      	MOVLW       0
0x052C	0x6E05      	MOVWF       R5 
0x052E	0xDE0C      	RCALL       _Mul_16X16_U
0x0530	0x5000      	MOVF        R0, 0 
0x0532	0x2469      	ADDWF       LCDcomMenu_MenuAtual, 0 
0x0534	0x6EE9      	MOVWF       FSR0L 
0x0536	0x5001      	MOVF        R1, 0 
0x0538	0x206A      	ADDWFC      LCDcomMenu_MenuAtual+1, 0 
0x053A	0x6EEA      	MOVWF       FSR0L+1 
0x053C	0xF000CFEE  	MOVFF       POSTINC0, R0
0x0540	0xF001CFEE  	MOVFF       POSTINC0, R1
0x0544	0xF002CFEE  	MOVFF       POSTINC0, R2
0x0548	0xFFF6C000  	MOVFF       R0, TBLPTRL
0x054C	0xFFF7C001  	MOVFF       R1, TBLPTRH
0x0550	0xFFF8C002  	MOVFF       R2, TBLPTRU
0x0554	0x0009      	TBLRD*+
0x0556	0xF003CFF5  	MOVFF       TABLAT, R3
0x055A	0x0009      	TBLRD*+
0x055C	0xF004CFF5  	MOVFF       TABLAT, R4
0x0560	0x0E00      	MOVLW       0
0x0562	0x1804      	XORWF       R4, 0 
0x0564	0xE102      	BNZ         L__main37
0x0566	0x0E00      	MOVLW       0
0x0568	0x1803      	XORWF       R3, 0 
L__main37:
0x056A	0xE038      	BZ          L_main24
;LCDcomMenu.c,180 :: 		*MenuAnterior++ = MenuAtual;
0x056C	0xFFE1C047  	MOVFF       LCDcomMenu_MenuAnterior, FSR1L
0x0570	0xFFE2C048  	MOVFF       LCDcomMenu_MenuAnterior+1, FSR1H
0x0574	0xFFE6C069  	MOVFF       LCDcomMenu_MenuAtual, POSTINC1
0x0578	0xFFE6C06A  	MOVFF       LCDcomMenu_MenuAtual+1, POSTINC1
0x057C	0x0E02      	MOVLW       2
0x057E	0x2647      	ADDWF       LCDcomMenu_MenuAnterior, 1 
0x0580	0x0E00      	MOVLW       0
0x0582	0x2248      	ADDWFC      LCDcomMenu_MenuAnterior+1, 1 
;LCDcomMenu.c,182 :: 		MenuAtual = MenuAtual[selecao]->mItem;
0x0584	0x0E03      	MOVLW       3
0x0586	0x6E00      	MOVWF       R0 
0x0588	0x0E00      	MOVLW       0
0x058A	0x6E01      	MOVWF       R1 
0x058C	0xF004C03C  	MOVFF       LCDcomMenu_selecao, R4
0x0590	0x0E00      	MOVLW       0
0x0592	0x6E05      	MOVWF       R5 
0x0594	0xDDD9      	RCALL       _Mul_16X16_U
0x0596	0x5000      	MOVF        R0, 0 
0x0598	0x2469      	ADDWF       LCDcomMenu_MenuAtual, 0 
0x059A	0x6EE9      	MOVWF       FSR0L 
0x059C	0x5001      	MOVF        R1, 0 
0x059E	0x206A      	ADDWFC      LCDcomMenu_MenuAtual+1, 0 
0x05A0	0x6EEA      	MOVWF       FSR0L+1 
0x05A2	0xF000CFEE  	MOVFF       POSTINC0, R0
0x05A6	0xF001CFEE  	MOVFF       POSTINC0, R1
0x05AA	0xF002CFEE  	MOVFF       POSTINC0, R2
0x05AE	0xFFF6C000  	MOVFF       R0, TBLPTRL
0x05B2	0xFFF7C001  	MOVFF       R1, TBLPTRH
0x05B6	0xFFF8C002  	MOVFF       R2, TBLPTRU
0x05BA	0x0009      	TBLRD*+
0x05BC	0xF000CFF5  	MOVFF       TABLAT, R0
0x05C0	0x0009      	TBLRD*+
0x05C2	0xF001CFF5  	MOVFF       TABLAT, R1
0x05C6	0xF069C000  	MOVFF       R0, LCDcomMenu_MenuAtual
0x05CA	0xF06AC001  	MOVFF       R1, LCDcomMenu_MenuAtual+1
;LCDcomMenu.c,184 :: 		selecao = 0;
0x05CE	0x6A3C      	CLRF        LCDcomMenu_selecao 
;LCDcomMenu.c,185 :: 		MostrarItens( MenuAtual, selecao );
0x05D0	0xF070C000  	MOVFF       R0, FARG_LCDcomMenu_MostrarItens_menu
0x05D4	0xF071C001  	MOVFF       R1, FARG_LCDcomMenu_MostrarItens_menu+1
0x05D8	0x6A72      	CLRF        FARG_LCDcomMenu_MostrarItens_sel 
0x05DA	0xDE40      	RCALL       LCDcomMenu_MostrarItens
;LCDcomMenu.c,186 :: 		}
L_main24:
;LCDcomMenu.c,188 :: 		flags.B1 = 0;
0x05DC	0x926F      	BCF         main_flags_L0, 1 
;LCDcomMenu.c,189 :: 		}
L_main22:
;LCDcomMenu.c,192 :: 		if( !btnVoltar && flags.B2 )
0x05DE	0xB880      	BTFSC       PORTA, 4 
0x05E0	0xD02B      	BRA         L_main27
0x05E2	0xA46F      	BTFSS       main_flags_L0, 2 
0x05E4	0xD029      	BRA         L_main27
L__main29:
;LCDcomMenu.c,194 :: 		selecao = 0;
0x05E6	0x6A3C      	CLRF        LCDcomMenu_selecao 
;LCDcomMenu.c,196 :: 		if( ((unsigned*)&MenuAnterior)[0] > (unsigned)&Stack )
0x05E8	0x0E49      	MOVLW       LCDcomMenu_Stack
0x05EA	0x6E01      	MOVWF       R1 
0x05EC	0x0E00      	MOVLW       hi_addr(LCDcomMenu_Stack)
0x05EE	0x6E02      	MOVWF       R2 
0x05F0	0x5048      	MOVF        LCDcomMenu_MenuAnterior+1, 0 
0x05F2	0x5C02      	SUBWF       R2, 0 
0x05F4	0xE102      	BNZ         L__main38
0x05F6	0x5047      	MOVF        LCDcomMenu_MenuAnterior, 0 
0x05F8	0x5C01      	SUBWF       R1, 0 
L__main38:
0x05FA	0xE21D      	BC          L_main28
;LCDcomMenu.c,199 :: 		MenuAtual = *--MenuAnterior;
0x05FC	0x0E02      	MOVLW       2
0x05FE	0x5C47      	SUBWF       LCDcomMenu_MenuAnterior, 0 
0x0600	0x6E00      	MOVWF       R0 
0x0602	0x0E00      	MOVLW       0
0x0604	0x5848      	SUBWFB      LCDcomMenu_MenuAnterior+1, 0 
0x0606	0x6E01      	MOVWF       R1 
0x0608	0xF047C000  	MOVFF       R0, LCDcomMenu_MenuAnterior
0x060C	0xF048C001  	MOVFF       R1, LCDcomMenu_MenuAnterior+1
0x0610	0xFFE9C000  	MOVFF       R0, FSR0L
0x0614	0xFFEAC001  	MOVFF       R1, FSR0H
0x0618	0xF000CFEE  	MOVFF       POSTINC0, R0
0x061C	0xF001CFEE  	MOVFF       POSTINC0, R1
0x0620	0xF069C000  	MOVFF       R0, LCDcomMenu_MenuAtual
0x0624	0xF06AC001  	MOVFF       R1, LCDcomMenu_MenuAtual+1
;LCDcomMenu.c,200 :: 		MostrarItens( MenuAtual, selecao );
0x0628	0xF070C000  	MOVFF       R0, FARG_LCDcomMenu_MostrarItens_menu
0x062C	0xF071C001  	MOVFF       R1, FARG_LCDcomMenu_MostrarItens_menu+1
0x0630	0xF072C03C  	MOVFF       LCDcomMenu_selecao, FARG_LCDcomMenu_MostrarItens_sel
0x0634	0xDE13      	RCALL       LCDcomMenu_MostrarItens
;LCDcomMenu.c,201 :: 		}
L_main28:
;LCDcomMenu.c,202 :: 		flags.B2 = 0;
0x0636	0x946F      	BCF         main_flags_L0, 2 
;LCDcomMenu.c,203 :: 		}
L_main27:
;LCDcomMenu.c,204 :: 		}
0x0638	0xD6EF      	BRA         L_main9
;LCDcomMenu.c,206 :: 		}
L_end_main:
0x063A	0xD7FF      	BRA         $+0
; end of _main
0x0782	0xF015EE10  	LFSR        1, 21
0x0786	0x0E31      	MOVLW       49
0x0788	0x6E00      	MOVWF       R0 
0x078A	0x0E01      	MOVLW       1
0x078C	0x6E01      	MOVWF       R1 
0x078E	0x0E3C      	MOVLW       60
0x0790	0x6EF6      	MOVWF       TBLPTR 
0x0792	0x0E06      	MOVLW       6
0x0794	0x6EF7      	MOVWF       TBLPTRH 
0x0796	0x0E00      	MOVLW       0
0x0798	0x6EF8      	MOVWF       TBLPTRU 
0x079A	0xF001ECE1  	CALL        962, 0
0x079E	0x0012      	RETURN      0
;LCDcomMenu.c,0 :: ?ICS?lstr1_LCDcomMenu
0x063C	0x6664 ;?ICS?lstr1_LCDcomMenu+0
0x063E	0x00 ;?ICS?lstr1_LCDcomMenu+2
; end of ?ICS?lstr1_LCDcomMenu
;LCDcomMenu.c,0 :: ?ICS_Screen2
0x063F	0x06E0 ;?ICS_Screen2+0
0x0641	0x8400 ;?ICS_Screen2+2
0x0643	0x0006 ;?ICS_Screen2+4
0x0645	0x066D ;?ICS_Screen2+6
0x0647	0x9B00 ;?ICS_Screen2+8
0x0649	0x0006 ;?ICS_Screen2+10
0x064B	0x0000 ;?ICS_Screen2+12
0x064D	0x00 ;?ICS_Screen2+14
; end of ?ICS_Screen2
;LCDcomMenu.c,0 :: ?ICS_Screen3
0x064E	0x0725 ;?ICS_Screen3+0
0x0650	0x0000 ;?ICS_Screen3+2
0x0652	0x0000 ;?ICS_Screen3+4
; end of ?ICS_Screen3
;LCDcomMenu.c,0 :: ?ICS_Screen1
0x0654	0x06F7 ;?ICS_Screen1+0
0x0656	0x6A00 ;?ICS_Screen1+2
0x0658	0x0007 ;?ICS_Screen1+4
0x065A	0x0753 ;?ICS_Screen1+6
0x065C	0x3C00 ;?ICS_Screen1+8
0x065E	0x0007 ;?ICS_Screen1+10
0x0660	0x0000 ;?ICS_Screen1+12
0x0662	0x00 ;?ICS_Screen1+14
; end of ?ICS_Screen1
;LCDcomMenu.c,0 :: ?ICSLCDcomMenu_selecao
0x0663	0x00 ;?ICSLCDcomMenu_selecao+0
; end of ?ICSLCDcomMenu_selecao
;LCDcomMenu.c,0 :: ?ICS_TelaInicial
0x0664	0x06C9 ;?ICS_TelaInicial+0
0x0666	0xB200 ;?ICS_TelaInicial+2
0x0668	0x0006 ;?ICS_TelaInicial+4
0x066A	0x0000 ;?ICS_TelaInicial+6
0x066C	0x00 ;?ICS_TelaInicial+8
; end of ?ICS_TelaInicial
;LCDcomMenu.c,71 :: _Menu22
0x066D	0x0000 ;_Menu22+0
0x066F	0x4F50 ;_Menu22+2
0x0671	0x5452 ;_Menu22+4
0x0673	0x2043 ;_Menu22+6
0x0675	0x203D ;_Menu22+8
0x0677	0x0034 ;_Menu22+10
0x0679	0x0000 ;_Menu22+12
0x067B	0x0000 ;_Menu22+14
0x067D	0x0000 ;_Menu22+16
0x067F	0x019C ;_Menu22+18
0x0681	0x0075 ;_Menu22+20
0x0683	0x04 ;_Menu22+22
; end of _Menu22
;LCDcomMenu.c,70 :: _Menu21
0x0684	0x0000 ;_Menu21+0
0x0686	0x4F50 ;_Menu21+2
0x0688	0x5452 ;_Menu21+4
0x068A	0x2043 ;_Menu21+6
0x068C	0x203D ;_Menu21+8
0x068E	0x0032 ;_Menu21+10
0x0690	0x0000 ;_Menu21+12
0x0692	0x0000 ;_Menu21+14
0x0694	0x0000 ;_Menu21+16
0x0696	0x019C ;_Menu21+18
0x0698	0x0075 ;_Menu21+20
0x069A	0x02 ;_Menu21+22
; end of _Menu21
;LCDcomMenu.c,72 :: _Menu23
0x069B	0x0000 ;_Menu23+0
0x069D	0x4F50 ;_Menu23+2
0x069F	0x5452 ;_Menu23+4
0x06A1	0x2043 ;_Menu23+6
0x06A3	0x203D ;_Menu23+8
0x06A5	0x0038 ;_Menu23+10
0x06A7	0x0000 ;_Menu23+12
0x06A9	0x0000 ;_Menu23+14
0x06AB	0x0000 ;_Menu23+16
0x06AD	0x019C ;_Menu23+18
0x06AF	0x0075 ;_Menu23+20
0x06B1	0x08 ;_Menu23+22
; end of _Menu23
;LCDcomMenu.c,77 :: _Menu02
0x06B2	0x0018 ;_Menu02+0
0x06B4	0x5546 ;_Menu02+2
0x06B6	0x434E ;_Menu02+4
0x06B8	0x4F41 ;_Menu02+6
0x06BA	0x3220 ;_Menu02+8
0x06BC	0x0000 ;_Menu02+10
0x06BE	0x0000 ;_Menu02+12
0x06C0	0x0000 ;_Menu02+14
0x06C2	0x0000 ;_Menu02+16
0x06C4	0x0000 ;_Menu02+18
0x06C6	0x0000 ;_Menu02+20
0x06C8	0x00 ;_Menu02+22
; end of _Menu02
;LCDcomMenu.c,76 :: _Menu01
0x06C9	0x002D ;_Menu01+0
0x06CB	0x4544 ;_Menu01+2
0x06CD	0x4946 ;_Menu01+4
0x06CF	0x494E ;_Menu01+6
0x06D1	0x2052 ;_Menu01+8
0x06D3	0x4554 ;_Menu01+10
0x06D5	0x504D ;_Menu01+12
0x06D7	0x534F ;_Menu01+14
0x06D9	0x0000 ;_Menu01+16
0x06DB	0x0000 ;_Menu01+18
0x06DD	0x0000 ;_Menu01+20
0x06DF	0x00 ;_Menu01+22
; end of _Menu01
;LCDcomMenu.c,69 :: _Menu20
0x06E0	0x0000 ;_Menu20+0
0x06E2	0x694C ;_Menu20+2
0x06E4	0x6167 ;_Menu20+4
0x06E6	0x2F72 ;_Menu20+6
0x06E8	0x6564 ;_Menu20+8
0x06EA	0x6C73 ;_Menu20+10
0x06EC	0x6769 ;_Menu20+12
0x06EE	0x7261 ;_Menu20+14
0x06F0	0x0000 ;_Menu20+16
0x06F2	0x0198 ;_Menu20+18
0x06F4	0x0075 ;_Menu20+20
0x06F6	0x01 ;_Menu20+22
; end of _Menu20
;LCDcomMenu.c,63 :: _Menu10
0x06F7	0x0027 ;_Menu10+0
0x06F9	0x754F ;_Menu10+2
0x06FB	0x7274 ;_Menu10+4
0x06FD	0x2061 ;_Menu10+6
0x06FF	0x7546 ;_Menu10+8
0x0701	0x636E ;_Menu10+10
0x0703	0x6F61 ;_Menu10+12
0x0705	0x0000 ;_Menu10+14
0x0707	0x0000 ;_Menu10+16
0x0709	0x0000 ;_Menu10+18
0x070B	0x0000 ;_Menu10+20
0x070D	0x00 ;_Menu10+22
; end of _Menu10
;LCDcomMenu.c,58 :: _GranalhaMenu2
0x070E	0x0000 ;_GranalhaMenu2+0
0x0710	0x6554 ;_GranalhaMenu2+2
0x0712	0x706D ;_GranalhaMenu2+4
0x0714	0x206F ;_GranalhaMenu2+6
0x0716	0x7247 ;_GranalhaMenu2+8
0x0718	0x6E61 ;_GranalhaMenu2+10
0x071A	0x6C61 ;_GranalhaMenu2+12
0x071C	0x6168 ;_GranalhaMenu2+14
0x071E	0x0000 ;_GranalhaMenu2+16
0x0720	0x01A8 ;_GranalhaMenu2+18
0x0722	0x0075 ;_GranalhaMenu2+20
0x0724	0x20 ;_GranalhaMenu2+22
; end of _GranalhaMenu2
;LCDcomMenu.c,57 :: _Menu30
0x0725	0x0000 ;_Menu30+0
0x0727	0x4F50 ;_Menu30+2
0x0729	0x5452 ;_Menu30+4
0x072B	0x2044 ;_Menu30+6
0x072D	0x203D ;_Menu30+8
0x072F	0x3233 ;_Menu30+10
0x0731	0x0000 ;_Menu30+12
0x0733	0x0000 ;_Menu30+14
0x0735	0x0000 ;_Menu30+16
0x0737	0x019C ;_Menu30+18
0x0739	0x0075 ;_Menu30+20
0x073B	0x20 ;_Menu30+22
; end of _Menu30
;LCDcomMenu.c,66 :: _Menu13
0x073C	0x0000 ;_Menu13+0
0x073E	0x6544 ;_Menu13+2
0x0740	0x6C73 ;_Menu13+4
0x0742	0x6769 ;_Menu13+6
0x0744	0x7261 ;_Menu13+8
0x0746	0x5320 ;_Menu13+10
0x0748	0x6961 ;_Menu13+12
0x074A	0x6164 ;_Menu13+14
0x074C	0x0073 ;_Menu13+16
0x074E	0x019C ;_Menu13+18
0x0750	0x0075 ;_Menu13+20
0x0752	0x00 ;_Menu13+22
; end of _Menu13
;LCDcomMenu.c,65 :: _Menu12
0x0753	0x0000 ;_Menu12+0
0x0755	0x6C41 ;_Menu12+2
0x0757	0x6574 ;_Menu12+4
0x0759	0x6E72 ;_Menu12+6
0x075B	0x7261 ;_Menu12+8
0x075D	0x5320 ;_Menu12+10
0x075F	0x6961 ;_Menu12+12
0x0761	0x6164 ;_Menu12+14
0x0763	0x0073 ;_Menu12+16
0x0765	0x0144 ;_Menu12+18
0x0767	0x0075 ;_Menu12+20
0x0769	0x00 ;_Menu12+22
; end of _Menu12
;LCDcomMenu.c,64 :: _Menu11
0x076A	0x0000 ;_Menu11+0
0x076C	0x5247 ;_Menu11+2
0x076E	0x4E41 ;_Menu11+4
0x0770	0x4C41 ;_Menu11+6
0x0772	0x4148 ;_Menu11+8
0x0774	0x0000 ;_Menu11+10
0x0776	0x0000 ;_Menu11+12
0x0778	0x0000 ;_Menu11+14
0x077A	0x0000 ;_Menu11+16
0x077C	0x01A8 ;_Menu11+18
0x077E	0x0075 ;_Menu11+20
0x0780	0x00 ;_Menu11+22
; end of _Menu11
Symbol List:
//** Routines locations **
//ADDRESS    SIZE    PROCEDURE
//----------------------------------------------
0x001C      [10]    _Delay_50us
0x0026      [22]    _Delay_5500us
0x003C       [6]    _Delay_1us
0x0042     [124]    _Lcd_Cmd
0x00BE      [12]    _Lcd_Chr_CP
0x00CA     [122]    _Lcd_Out
0x0144       [4]    _AlternarSaidas
0x0148      [80]    _Mul_16X16_U
0x0198       [4]    _LigarDesligar
0x019C      [12]    _DefinirSaidas
0x01A8      [34]    _Granalha
0x01CA      [90]    _Lcd_Chr
0x0224      [56]    LCDcomMenu_LcdWriteFromROM
0x025C     [184]    LCDcomMenu_MostrarItens
0x0314     [150]    _Lcd_Init
0x03AA      [24]    _____DoIFC
0x03C2      [16]    ___CC2DW
0x03D2     [618]    _main
//** Variables locations ** 
//ADDRESS    SIZE    VARIABLE
//----------------------------------------------
0x0000       [1]    R0
0x0001       [1]    R1
0x0002       [1]    R2
0x0003       [1]    R3
0x0004       [1]    R4
0x0005       [1]    R5
0x0006       [1]    R6
0x0007       [1]    R7
0x0008       [1]    R8
0x0009       [1]    R9
0x000A       [1]    R10
0x000B       [1]    R11
0x000C       [1]    R12
0x000D       [1]    R13
0x000E       [1]    R14
0x000F       [1]    R15
0x0010       [1]    R16
0x0011       [1]    R17
0x0012       [1]    R18
0x0013       [1]    R19
0x0014       [1]    R20
0x0015       [3]    ?lstr1_LCDcomMenu
0x0018      [15]    _Screen2
0x0027       [6]    _Screen3
0x002D      [15]    _Screen1
0x003C       [1]    LCDcomMenu_selecao
0x003D       [9]    _TelaInicial
0x0046       [0]    __Lib_Lcd_cmd_status
0x0047       [2]    LCDcomMenu_MenuAnterior
0x0049      [32]    LCDcomMenu_Stack
0x0069       [2]    LCDcomMenu_MenuAtual
0x006B       [4]    main_Func_L2
0x006F       [1]    main_flags_L0
0x0070       [2]    FARG_LCDcomMenu_MostrarItens_menu
0x0072       [1]    FARG_LCDcomMenu_MostrarItens_sel
0x0073       [1]    LCDcomMenu_MostrarItens_index_L0
0x0074       [1]    LCDcomMenu_MostrarItens_row_L0
0x0075       [1]    FARG_Granalha_valor
0x0075       [3]    FARG_LCDcomMenu_LcdWriteFromROM_texto
0x0075       [1]    FARG_AlternarSaidas_valor
0x0075       [1]    FARG_LigarDesligar_valor
0x0075       [1]    FARG_DefinirSaidas_valor
0x0075       [1]    FARG_Lcd_Chr_row
0x0076       [1]    FARG_Lcd_Chr_column
0x0077       [1]    FARG_Lcd_Chr_out_char
0x0078       [1]    FARG_Lcd_Out_row
0x0079       [1]    FARG_Lcd_Out_column
0x007A       [2]    FARG_Lcd_Out_text
0x007C       [1]    Lcd_Out_i_L0
0x007D       [1]    FARG_Lcd_Chr_CP_out_char
0x007E       [1]    FARG_Lcd_Cmd_out_char
0x0F80       [1]    PORTA
0x0F81       [1]    PORTB
0x0F82       [1]    PORTC
0x0F83       [0]    LCD_D5
0x0F83       [0]    LCD_D4
0x0F83       [0]    LCD_D7
0x0F83       [0]    LCD_D6
0x0F83       [0]    RD5_bit
0x0F83       [0]    RD4_bit
0x0F83       [0]    RD6_bit
0x0F83       [0]    RD7_bit
0x0F84       [0]    LCD_EN
0x0F84       [0]    LCD_RS
0x0F84       [0]    RE1_bit
0x0F84       [0]    RE0_bit
0x0F92       [1]    TRISA
0x0F93       [1]    TRISB
0x0F94       [1]    TRISC
0x0F95       [0]    LCD_D6_Direction
0x0F95       [0]    LCD_D7_Direction
0x0F95       [0]    TRISD5_bit
0x0F95       [0]    TRISD6_bit
0x0F95       [0]    TRISD7_bit
0x0F95       [0]    TRISD4_bit
0x0F95       [0]    LCD_D5_Direction
0x0F95       [0]    LCD_D4_Direction
0x0F96       [0]    TRISE0_bit
0x0F96       [0]    LCD_RS_Direction
0x0F96       [0]    LCD_EN_Direction
0x0F96       [0]    TRISE1_bit
0x0F96       [1]    TRISE
0x0FB4       [1]    CMCON
0x0FC1       [1]    ADCON1
0x0FD8       [1]    STATUS
0x0FD9       [1]    FSR2L
0x0FDA       [1]    FSR2H
0x0FDE       [1]    POSTINC2
0x0FE0       [1]    BSR
0x0FE1       [2]    FSR1
0x0FE1       [1]    FSR1L
0x0FE2       [1]    FSR1H
0x0FE4       [1]    PREINC1
0x0FE6       [1]    POSTINC1
0x0FE7       [1]    INDF1
0x0FE8       [1]    WREG
0x0FE9       [1]    FSR0L
0x0FEA       [1]    FSR0H
0x0FEE       [1]    POSTINC0
0x0FF2       [1]    INTCON
0x0FF3       [1]    PRODL
0x0FF4       [1]    PRODH
0x0FF5       [1]    TABLAT
0x0FF6       [3]    TBLPTR
0x0FF6       [1]    TBLPTRL
0x0FF7       [1]    TBLPTRH
0x0FF8       [1]    TBLPTRU
0x0FFD       [1]    TOSL
0x0FFE       [1]    TOSH
0x0FFF       [1]    TOSU
//** Constants locations ** 
//ADDRESS    SIZE    CONSTANT
//----------------------------------------------
0x063C       [3]    ?ICS?lstr1_LCDcomMenu
0x063F      [15]    ?ICS_Screen2
0x064E       [6]    ?ICS_Screen3
0x0654      [15]    ?ICS_Screen1
0x0663       [1]    ?ICSLCDcomMenu_selecao
0x0664       [9]    ?ICS_TelaInicial
0x066D      [23]    _Menu22
0x0684      [23]    _Menu21
0x069B      [23]    _Menu23
0x06B2      [23]    _Menu02
0x06C9      [23]    _Menu01
0x06E0      [23]    _Menu20
0x06F7      [23]    _Menu10
0x070E      [23]    _GranalhaMenu2
0x0725      [23]    _Menu30
0x073C      [23]    _Menu13
0x0753      [23]    _Menu12
0x076A      [23]    _Menu11
